- - - - - - - - - - - - - - - - - - - - - - - ------------------------------------------------
Genesis 1.3 output start
(Version 1.0 Unix)

Input file name:  rad.in                        

 $newrun
 aw0   =  8.480000E-01
 xkx   =  0.000000E+00
 xky   =  1.000000E+00
 wcoefz=  0.000000E+00   0.000000E+00   0.000000E+00
 xlamd =  2.000000E-02
 fbess0=  0.000000E+00
 delaw =  0.000000E+00
 iertyp=    0
 iwityp=    0
 awd   =  8.480000E-01
 awx   =  0.000000E+00
 awy   =  0.000000E+00
 iseed =   -1
 npart =   8192
 gamma0=  4.146208E+02
 delgam=  5.000000E-03
 rxbeam=  9.840600E-05
 rybeam=  1.627000E-04
 alphax= -9.168300E-01
 alphay=  2.500400E+00
 emitx =  2.000000E-06
 emity =  2.000000E-06
 xbeam =  0.000000E+00
 ybeam =  0.000000E+00
 pxbeam=  0.000000E+00
 pybeam=  0.000000E+00
 conditx =  0.000000E+00
 condity =  0.000000E+00
 bunch =  0.000000E+00
 bunchphase =  0.000000E+00
 emod =  0.000000E+00
 emodphase =  0.000000E+00
 xlamds=  1.000000E-07
 prad0 =  1.000000E+00
 pradh0=  0.000000E+00
 zrayl =  1.000000E+00
 zwaist=  0.000000E+00
 ncar  =  151
 lbc   =    0
 rmax0 =  9.000000E+00
 dgrid =  0.000000E+00
 nscr  =    0
 nscz  =    0
 nptr  =   40
 nwig  =   98
 zsep  =  2.400000E+01
 delz  =  2.000000E+00
 nsec  =    1
 iorb  =    0
 zstop = -1.000000E+00
 magin =    0
 magout=    0
 quadf =  0.000000E+00
 quadd =  0.000000E+00
 fl    =  0.000000E+00
 dl    =  0.000000E+00
 drl   =  0.000000E+00
 f1st  =  0.000000E+00
 qfdx  =  0.000000E+00
 qfdy  =  0.000000E+00
 solen =  0.000000E+00
 sl    =  0.000000E+00
 ildgam=    5
 ildpsi=    7
 ildx  =    1
 ildy  =    2
 ildpx =    3
 ildpy =    4
 itgaus=    1
 nbins =    8
 igamgaus =    1
 inverfc =    0
 lout  = 1 1 1 1 1 0 1 1 1 1 1 0 0 1 0 0 0 0 0
 0 0
 iphsty=    1
 ishsty=    1
 ippart=    0
 ispart=    0
 ipradi=    0
 isradi=    0
 idump =    0
 iotail=    1
 nharm =    1
 iallharm =    1
 iharmsc =    1
 curpeak=  2.500000E+02
 curlen=  1.200000E-04
 ntail = -101
 nslice=  202
 shotnoise=  1.000000E+00
 isntyp=    0
 iall  =    0
 itdp  =    0
 ipseed=   -1
 iscan =    0
 nscan =    3
 svar  =  1.000000E-02
 isravg=    0
 isrsig=    0
 cuttail= -1.000000E+00
 eloss =  0.000000E+00
 version=  1.000000E-01
 ndcut =   -1
 idmpfld=    0
 idmppar=    0
 ilog  =    0
 ffspec=    0
 convharm=    3
 ibfield=  4.215281E-02
 imagl=    1.500000E-01
 idril=    2.850000E-01
 alignradf=    0
 offsetradf=    0
 multconv=    0
 igamref=  0.000000E+00
 rmax0sc=  0.000000E+00
 iscrkup=    0
 trama=    0
 itram11=  1.000000E+00
 itram12=  0.000000E+00
 itram13=  0.000000E+00
 itram14=  0.000000E+00
 itram15=  0.000000E+00
 itram16=  0.000000E+00
 itram21=  0.000000E+00
 itram22=  1.000000E+00
 itram23=  0.000000E+00
 itram24=  0.000000E+00
 itram25=  0.000000E+00
 itram26=  0.000000E+00
 itram31=  0.000000E+00
 itram32=  0.000000E+00
 itram33=  1.000000E+00
 itram34=  0.000000E+00
 itram35=  0.000000E+00
 itram36=  0.000000E+00
 itram41=  0.000000E+00
 itram42=  0.000000E+00
 itram43=  0.000000E+00
 itram44=  1.000000E+00
 itram45=  0.000000E+00
 itram46=  0.000000E+00
 itram51=  0.000000E+00
 itram52=  0.000000E+00
 itram53=  0.000000E+00
 itram54=  0.000000E+00
 itram55=  1.000000E+00
 itram56=  0.000000E+00
 itram61=  0.000000E+00
 itram62=  0.000000E+00
 itram63=  0.000000E+00
 itram64=  0.000000E+00
 itram65=  0.000000E+00
 itram66=  1.000000E+00
 outputfile ='rad.out'
 maginfile ='rad.lat'
 partfile ='mod.out.dpa'
 filetype ='ORIGINAL'
 $end
flags for output parameter
 1 1 1 1 1 0 1 1 1 1 1 0 0 1 0 0 0 0 0 0 0
  217 entries per record
    1 history records
    0.1000E-06 wavelength
    0.2000E-06 seperation of output slices
  151 number of gridpoints
    0.2211E-04 meshsize
   8192 number of particles
    0 particle: records in z
    0 particle: records in t
    0 field: records in z
    0 field: records in t
    z[m]          aw            qfld      
    0.0000E+00    0.0000E+00    0.0000E+00
    4.0000E-02    0.0000E+00    0.0000E+00
    8.0000E-02    0.0000E+00    8.2000E+00
    1.2000E-01    0.0000E+00    8.2000E+00
    1.6000E-01    0.0000E+00    0.0000E+00
    2.0000E-01    8.4800E-01    0.0000E+00
    2.4000E-01    8.4800E-01    0.0000E+00
    2.8000E-01    8.4800E-01    0.0000E+00
    3.2000E-01    8.4800E-01    0.0000E+00
    3.6000E-01    8.4800E-01    0.0000E+00
    4.0000E-01    8.4800E-01    0.0000E+00
    4.4000E-01    8.4800E-01    0.0000E+00
    4.8000E-01    8.4800E-01    0.0000E+00
    5.2000E-01    8.4800E-01    0.0000E+00
    5.6000E-01    8.4800E-01    0.0000E+00
    6.0000E-01    8.4800E-01    0.0000E+00
    6.4000E-01    8.4800E-01    0.0000E+00
    6.8000E-01    8.4800E-01    0.0000E+00
    7.2000E-01    8.4800E-01    0.0000E+00
    7.6000E-01    8.4800E-01    0.0000E+00
    8.0000E-01    8.4800E-01    0.0000E+00
    8.4000E-01    8.4800E-01    0.0000E+00
    8.8000E-01    8.4800E-01    0.0000E+00
    9.2000E-01    8.4800E-01    0.0000E+00
    9.6000E-01    8.4800E-01    0.0000E+00
    1.0000E+00    8.4800E-01    0.0000E+00
    1.0400E+00    8.4800E-01    0.0000E+00
    1.0800E+00    8.4800E-01    0.0000E+00
    1.1200E+00    8.4800E-01    0.0000E+00
    1.1600E+00    8.4800E-01    0.0000E+00
    1.2000E+00    8.4800E-01    0.0000E+00
    1.2400E+00    8.4800E-01    0.0000E+00
    1.2800E+00    8.4800E-01    0.0000E+00
    1.3200E+00    8.4800E-01    0.0000E+00
    1.3600E+00    8.4800E-01    0.0000E+00
    1.4000E+00    8.4800E-01    0.0000E+00
    1.4400E+00    8.4800E-01    0.0000E+00
    1.4800E+00    8.4800E-01    0.0000E+00
    1.5200E+00    8.4800E-01    0.0000E+00
    1.5600E+00    8.4800E-01    0.0000E+00
    1.6000E+00    8.4800E-01    0.0000E+00
    1.6400E+00    8.4800E-01    0.0000E+00
    1.6800E+00    8.4800E-01    0.0000E+00
    1.7200E+00    8.4800E-01    0.0000E+00
    1.7600E+00    8.4800E-01    0.0000E+00
    1.8000E+00    8.4800E-01    0.0000E+00
    1.8400E+00    8.4800E-01    0.0000E+00
    1.8800E+00    8.4800E-01    0.0000E+00
    1.9200E+00    8.4800E-01    0.0000E+00
    1.9600E+00    8.4800E-01    0.0000E+00
    2.0000E+00    8.4800E-01    0.0000E+00
    2.0400E+00    8.4800E-01    0.0000E+00
    2.0800E+00    8.4800E-01    0.0000E+00
    2.1200E+00    8.4800E-01    0.0000E+00
    2.1600E+00    8.4800E-01    0.0000E+00
    2.2000E+00    0.0000E+00    0.0000E+00
    2.2400E+00    0.0000E+00    8.2000E+00
    2.2800E+00    0.0000E+00    8.2000E+00
    2.3200E+00    0.0000E+00    0.0000E+00
    2.3600E+00    8.4800E-01    0.0000E+00
    2.4000E+00    8.4800E-01    0.0000E+00
    2.4400E+00    8.4800E-01    0.0000E+00
    2.4800E+00    8.4800E-01    0.0000E+00
    2.5200E+00    8.4800E-01    0.0000E+00
    2.5600E+00    8.4800E-01    0.0000E+00
    2.6000E+00    8.4800E-01    0.0000E+00
    2.6400E+00    8.4800E-01    0.0000E+00
    2.6800E+00    8.4800E-01    0.0000E+00
    2.7200E+00    8.4800E-01    0.0000E+00
    2.7600E+00    8.4800E-01    0.0000E+00
    2.8000E+00    8.4800E-01    0.0000E+00
    2.8400E+00    8.4800E-01    0.0000E+00
    2.8800E+00    8.4800E-01    0.0000E+00
    2.9200E+00    8.4800E-01    0.0000E+00
    2.9600E+00    8.4800E-01    0.0000E+00
    3.0000E+00    8.4800E-01    0.0000E+00
    3.0400E+00    8.4800E-01    0.0000E+00
    3.0800E+00    8.4800E-01    0.0000E+00
    3.1200E+00    8.4800E-01    0.0000E+00
    3.1600E+00    8.4800E-01    0.0000E+00
    3.2000E+00    8.4800E-01    0.0000E+00
    3.2400E+00    8.4800E-01    0.0000E+00
    3.2800E+00    8.4800E-01    0.0000E+00
    3.3200E+00    8.4800E-01    0.0000E+00
    3.3600E+00    8.4800E-01    0.0000E+00
    3.4000E+00    8.4800E-01    0.0000E+00
    3.4400E+00    8.4800E-01    0.0000E+00
    3.4800E+00    8.4800E-01    0.0000E+00
    3.5200E+00    8.4800E-01    0.0000E+00
    3.5600E+00    8.4800E-01    0.0000E+00
    3.6000E+00    8.4800E-01    0.0000E+00
    3.6400E+00    8.4800E-01    0.0000E+00
    3.6800E+00    8.4800E-01    0.0000E+00
    3.7200E+00    8.4800E-01    0.0000E+00
    3.7600E+00    8.4800E-01    0.0000E+00
    3.8000E+00    8.4800E-01    0.0000E+00
    3.8400E+00    8.4800E-01    0.0000E+00
    3.8800E+00    8.4800E-01    0.0000E+00
    3.9200E+00    8.4800E-01    0.0000E+00
    3.9600E+00    8.4800E-01    0.0000E+00
    4.0000E+00    8.4800E-01    0.0000E+00
    4.0400E+00    8.4800E-01    0.0000E+00
    4.0800E+00    8.4800E-01    0.0000E+00
    4.1200E+00    8.4800E-01    0.0000E+00
    4.1600E+00    8.4800E-01    0.0000E+00
    4.2000E+00    8.4800E-01    0.0000E+00
    4.2400E+00    8.4800E-01    0.0000E+00
    4.2800E+00    8.4800E-01    0.0000E+00
    4.3200E+00    8.4800E-01    0.0000E+00
    4.3600E+00    0.0000E+00    0.0000E+00
    4.4000E+00    0.0000E+00    8.2000E+00
    4.4400E+00    0.0000E+00    8.2000E+00
    4.4800E+00    0.0000E+00    0.0000E+00
    4.5200E+00    8.4800E-01    0.0000E+00
    4.5600E+00    8.4800E-01    0.0000E+00
    4.6000E+00    8.4800E-01    0.0000E+00
    4.6400E+00    8.4800E-01    0.0000E+00
    4.6800E+00    8.4800E-01    0.0000E+00
    4.7200E+00    8.4800E-01    0.0000E+00
    4.7600E+00    8.4800E-01    0.0000E+00
    4.8000E+00    8.4800E-01    0.0000E+00
    4.8400E+00    8.4800E-01    0.0000E+00
    4.8800E+00    8.4800E-01    0.0000E+00
    4.9200E+00    8.4800E-01    0.0000E+00
    4.9600E+00    8.4800E-01    0.0000E+00
    5.0000E+00    8.4800E-01    0.0000E+00
    5.0400E+00    8.4800E-01    0.0000E+00
    5.0800E+00    8.4800E-01    0.0000E+00
    5.1200E+00    8.4800E-01    0.0000E+00
    5.1600E+00    8.4800E-01    0.0000E+00
    5.2000E+00    8.4800E-01    0.0000E+00
    5.2400E+00    8.4800E-01    0.0000E+00
    5.2800E+00    8.4800E-01    0.0000E+00
    5.3200E+00    8.4800E-01    0.0000E+00
    5.3600E+00    8.4800E-01    0.0000E+00
    5.4000E+00    8.4800E-01    0.0000E+00
    5.4400E+00    8.4800E-01    0.0000E+00
    5.4800E+00    8.4800E-01    0.0000E+00
    5.5200E+00    8.4800E-01    0.0000E+00
    5.5600E+00    8.4800E-01    0.0000E+00
    5.6000E+00    8.4800E-01    0.0000E+00
    5.6400E+00    8.4800E-01    0.0000E+00
    5.6800E+00    8.4800E-01    0.0000E+00
    5.7200E+00    8.4800E-01    0.0000E+00
    5.7600E+00    8.4800E-01    0.0000E+00
    5.8000E+00    8.4800E-01    0.0000E+00
    5.8400E+00    8.4800E-01    0.0000E+00
    5.8800E+00    8.4800E-01    0.0000E+00
    5.9200E+00    8.4800E-01    0.0000E+00
    5.9600E+00    8.4800E-01    0.0000E+00
    6.0000E+00    8.4800E-01    0.0000E+00
    6.0400E+00    8.4800E-01    0.0000E+00
    6.0800E+00    8.4800E-01    0.0000E+00
    6.1200E+00    8.4800E-01    0.0000E+00
    6.1600E+00    8.4800E-01    0.0000E+00
    6.2000E+00    8.4800E-01    0.0000E+00
    6.2400E+00    8.4800E-01    0.0000E+00
    6.2800E+00    8.4800E-01    0.0000E+00
    6.3200E+00    8.4800E-01    0.0000E+00
    6.3600E+00    8.4800E-01    0.0000E+00
    6.4000E+00    8.4800E-01    0.0000E+00
    6.4400E+00    8.4800E-01    0.0000E+00
    6.4800E+00    8.4800E-01    0.0000E+00
    6.5200E+00    0.0000E+00    0.0000E+00
    6.5600E+00    0.0000E+00    8.2000E+00
    6.6000E+00    0.0000E+00    8.2000E+00
    6.6400E+00    0.0000E+00    0.0000E+00
    6.6800E+00    8.4800E-01    0.0000E+00
    6.7200E+00    8.4800E-01    0.0000E+00
    6.7600E+00    8.4800E-01    0.0000E+00
    6.8000E+00    8.4800E-01    0.0000E+00
    6.8400E+00    8.4800E-01    0.0000E+00
    6.8800E+00    8.4800E-01    0.0000E+00
    6.9200E+00    8.4800E-01    0.0000E+00
    6.9600E+00    8.4800E-01    0.0000E+00
    7.0000E+00    8.4800E-01    0.0000E+00
    7.0400E+00    8.4800E-01    0.0000E+00
    7.0800E+00    8.4800E-01    0.0000E+00
    7.1200E+00    8.4800E-01    0.0000E+00
    7.1600E+00    8.4800E-01    0.0000E+00
    7.2000E+00    8.4800E-01    0.0000E+00
    7.2400E+00    8.4800E-01    0.0000E+00
    7.2800E+00    8.4800E-01    0.0000E+00
    7.3200E+00    8.4800E-01    0.0000E+00
    7.3600E+00    8.4800E-01    0.0000E+00
    7.4000E+00    8.4800E-01    0.0000E+00
    7.4400E+00    8.4800E-01    0.0000E+00
    7.4800E+00    8.4800E-01    0.0000E+00
    7.5200E+00    8.4800E-01    0.0000E+00
    7.5600E+00    8.4800E-01    0.0000E+00
    7.6000E+00    8.4800E-01    0.0000E+00
    7.6400E+00    8.4800E-01    0.0000E+00
    7.6800E+00    8.4800E-01    0.0000E+00
    7.7200E+00    8.4800E-01    0.0000E+00
    7.7600E+00    8.4800E-01    0.0000E+00
    7.8000E+00    8.4800E-01    0.0000E+00
    7.8400E+00    8.4800E-01    0.0000E+00
    7.8800E+00    8.4800E-01    0.0000E+00
    7.9200E+00    8.4800E-01    0.0000E+00
    7.9600E+00    8.4800E-01    0.0000E+00
    8.0000E+00    8.4800E-01    0.0000E+00
    8.0400E+00    8.4800E-01    0.0000E+00
    8.0800E+00    8.4800E-01    0.0000E+00
    8.1200E+00    8.4800E-01    0.0000E+00
    8.1600E+00    8.4800E-01    0.0000E+00
    8.2000E+00    8.4800E-01    0.0000E+00
    8.2400E+00    8.4800E-01    0.0000E+00
    8.2800E+00    8.4800E-01    0.0000E+00
    8.3200E+00    8.4800E-01    0.0000E+00
    8.3600E+00    8.4800E-01    0.0000E+00
    8.4000E+00    8.4800E-01    0.0000E+00
    8.4400E+00    8.4800E-01    0.0000E+00
    8.4800E+00    8.4800E-01    0.0000E+00
    8.5200E+00    8.4800E-01    0.0000E+00
    8.5600E+00    8.4800E-01    0.0000E+00
    8.6000E+00    8.4800E-01    0.0000E+00
    8.6400E+00    8.4800E-01    0.0000E+00

********** output: slice     1
           =================
     2.5000E+02 current


    power         increment     p_mid         phi_mid       r_size        energy        bunching      xrms          yrms          error         e-spread  
    1.0000E+00   -6.1062E-14    9.7801E-03    0.0000E+00    1.2616E-04    1.7909E-04    2.4143E-01    9.8399E-05    1.6268E-04    0.0000E+00    2.1059E-01
    1.0000E+00   -1.6931E-13    9.7650E-03   -3.9656E-02    1.2626E-04    1.7909E-04    2.4118E-01    1.0022E-04    1.5972E-04    0.0000E+00    2.1059E-01
    1.0000E+00   -4.4409E-14    9.7199E-03   -7.9193E-02    1.2655E-04    1.7909E-04    2.4101E-01    1.0114E-04    1.5824E-04    0.0000E+00    2.1059E-01
    1.0000E+00    2.8311E-13    9.6457E-03   -1.1850E-01    1.2705E-04    1.7909E-04    2.4089E-01    1.0022E-04    1.5971E-04    0.0000E+00    2.1059E-01
    1.0000E+00    2.2204E-14    9.5436E-03   -1.5745E-01    1.2774E-04    1.7909E-04    2.4063E-01    9.8407E-05    1.6267E-04    0.0000E+00    2.1059E-01
    1.6084E+04    2.4214E+02    1.0260E+02    8.5619E-01    1.0945E-04    1.7888E-04    2.4011E-01    9.6634E-05    1.6557E-04    1.9965E+02    2.1059E-01
    6.1403E+04    3.3491E+01    3.6184E+02    1.1802E+00    1.0915E-04   -6.7760E-05    2.3949E-01    9.4902E-05    1.6838E-04    7.7089E+01    2.1060E-01
    1.3471E+05    1.9642E+01    9.8093E+02    1.2401E+00    1.0952E-04   -5.3200E-04    2.3878E-01    9.3213E-05    1.7109E-04    4.4738E+01    2.1064E-01
    2.3570E+05    1.3986E+01    1.9920E+03    1.2510E+00    1.1049E-04   -1.2140E-03    2.3797E-01    9.1570E-05    1.7368E-04    3.1169E+01    2.1069E-01
    3.6436E+05    1.0889E+01    3.3194E+03    1.2469E+00    1.1174E-04   -2.1132E-03    2.3709E-01    8.9976E-05    1.7617E-04    2.3837E+01    2.1079E-01
    5.1994E+05    8.8896E+00    4.9418E+03    1.2378E+00    1.1322E-04   -3.2274E-03    2.3612E-01    8.8433E-05    1.7855E-04    1.9171E+01    2.1094E-01
    7.0165E+05    7.4927E+00    6.9779E+03    1.2267E+00    1.1483E-04   -4.5483E-03    2.3508E-01    8.6944E-05    1.8082E-04    1.6000E+01    2.1117E-01
    9.0862E+05    6.4623E+00    9.2365E+03    1.2024E+00    1.1656E-04   -6.0710E-03    2.3398E-01    8.5512E-05    1.8298E-04    1.3684E+01    2.1150E-01
    1.1399E+06    5.6698E+00    1.1635E+04    1.1788E+00    1.1838E-04   -7.7875E-03    2.3283E-01    8.4139E-05    1.8502E-04    1.1929E+01    2.1195E-01
    1.3945E+06    5.0395E+00    1.4297E+04    1.1647E+00    1.2030E-04   -9.6907E-03    2.3164E-01    8.2828E-05    1.8695E-04    1.0546E+01    2.1256E-01
    1.6714E+06    4.5285E+00    1.7141E+04    1.1314E+00    1.2230E-04   -1.1772E-02    2.3042E-01    8.1583E-05    1.8875E-04    9.4353E+00    2.1336E-01
    1.9695E+06    4.1026E+00    1.9494E+04    1.1149E+00    1.2438E-04   -1.4025E-02    2.2919E-01    8.0407E-05    1.9044E-04    8.5144E+00    2.1438E-01
    2.2874E+06    3.7411E+00    2.2348E+04    1.0987E+00    1.2651E-04   -1.6437E-02    2.2797E-01    7.9302E-05    1.9201E-04    7.7382E+00    2.1565E-01
    2.6238E+06    3.4299E+00    2.5201E+04    1.0823E+00    1.2871E-04   -1.9000E-02    2.2676E-01    7.8272E-05    1.9346E-04    7.0740E+00    2.1720E-01
    2.9771E+06    3.1578E+00    2.8027E+04    1.0687E+00    1.3096E-04   -2.1701E-02    2.2561E-01    7.7320E-05    1.9478E-04    6.4948E+00    2.1907E-01
    3.3456E+06    2.9177E+00    3.1130E+04    1.0530E+00    1.3325E-04   -2.4528E-02    2.2451E-01    7.6448E-05    1.9598E-04    5.9878E+00    2.2128E-01
    3.7278E+06    2.7045E+00    3.3693E+04    1.0374E+00    1.3558E-04   -2.7468E-02    2.2351E-01    7.5659E-05    1.9706E-04    5.5390E+00    2.2387E-01
    4.1221E+06    2.5135E+00    3.6038E+04    1.0290E+00    1.3793E-04   -3.0509E-02    2.2261E-01    7.4956E-05    1.9801E-04    5.1381E+00    2.2685E-01
    4.5267E+06    2.3408E+00    3.8887E+04    1.0261E+00    1.4032E-04   -3.3638E-02    2.2185E-01    7.4342E-05    1.9883E-04    4.7769E+00    2.3025E-01
    4.9401E+06    2.1845E+00    4.1544E+04    1.0146E+00    1.4273E-04   -3.6841E-02    2.2124E-01    7.3818E-05    1.9953E-04    4.4517E+00    2.3409E-01
    5.3606E+06    2.0422E+00    4.4026E+04    1.0135E+00    1.4515E-04   -4.0106E-02    2.2083E-01    7.3387E-05    2.0010E-04    4.1567E+00    2.3836E-01
    5.7865E+06    1.9117E+00    4.6759E+04    1.0086E+00    1.4760E-04   -4.3421E-02    2.2063E-01    7.3050E-05    2.0054E-04    3.8861E+00    2.4310E-01
    6.2165E+06    1.7917E+00    4.9224E+04    1.0040E+00    1.5005E-04   -4.6773E-02    2.2067E-01    7.2809E-05    2.0086E-04    3.6386E+00    2.4828E-01
    6.6488E+06    1.6809E+00    5.0521E+04    9.9981E-01    1.5250E-04   -5.0149E-02    2.2097E-01    7.2664E-05    2.0104E-04    3.4105E+00    2.5392E-01
    7.0822E+06    1.5786E+00    5.1967E+04    1.0049E+00    1.5495E-04   -5.3539E-02    2.2157E-01    7.2616E-05    2.0110E-04    3.2008E+00    2.6001E-01
    7.5153E+06    1.4839E+00    5.3627E+04    1.0102E+00    1.5739E-04   -5.6931E-02    2.2248E-01    7.2665E-05    2.0103E-04    3.0070E+00    2.6654E-01
    7.9468E+06    1.3958E+00    5.4423E+04    1.0128E+00    1.5982E-04   -6.0316E-02    2.2372E-01    7.2811E-05    2.0084E-04    2.8274E+00    2.7349E-01
    8.3756E+06    1.3137E+00    5.5016E+04    1.0259E+00    1.6223E-04   -6.3684E-02    2.2533E-01    7.3054E-05    2.0051E-04    2.6599E+00    2.8085E-01
    8.8005E+06    1.2371E+00    5.6129E+04    1.0438E+00    1.6461E-04   -6.7026E-02    2.2731E-01    7.3392E-05    2.0006E-04    2.5044E+00    2.8860E-01
    9.2205E+06    1.1657E+00    5.7721E+04    1.0540E+00    1.6697E-04   -7.0333E-02    2.2968E-01    7.3824E-05    1.9948E-04    2.3597E+00    2.9672E-01
    9.6351E+06    1.0994E+00    5.8232E+04    1.0686E+00    1.6929E-04   -7.3600E-02    2.3246E-01    7.4349E-05    1.9877E-04    2.2257E+00    3.0518E-01
    1.0043E+07    1.0377E+00    5.9434E+04    1.0850E+00    1.7157E-04   -7.6820E-02    2.3564E-01    7.4964E-05    1.9793E-04    2.1013E+00    3.1396E-01
    1.0445E+07    9.8036E-01    6.0801E+04    1.1022E+00    1.7380E-04   -7.9990E-02    2.3923E-01    7.5668E-05    1.9697E-04    1.9864E+00    3.2303E-01
    1.0840E+07    9.2707E-01    6.1125E+04    1.1162E+00    1.7599E-04   -8.3106E-02    2.4324E-01    7.6458E-05    1.9589E-04    1.8793E+00    3.3237E-01
    1.1227E+07    8.7750E-01    6.2123E+04    1.1434E+00    1.7812E-04   -8.6166E-02    2.4766E-01    7.7331E-05    1.9468E-04    1.7800E+00    3.4194E-01
    1.1607E+07    8.3204E-01    6.3252E+04    1.1602E+00    1.8019E-04   -8.9166E-02    2.5248E-01    7.8285E-05    1.9334E-04    1.6902E+00    3.5173E-01
    1.1980E+07    7.9067E-01    6.3833E+04    1.1794E+00    1.8220E-04   -9.2112E-02    2.5769E-01    7.9316E-05    1.9189E-04    1.6080E+00    3.6170E-01
    1.2346E+07    7.5288E-01    6.4022E+04    1.2055E+00    1.8415E-04   -9.5003E-02    2.6328E-01    8.0422E-05    1.9031E-04    1.5335E+00    3.7183E-01
    1.2706E+07    7.1881E-01    6.5345E+04    1.2324E+00    1.8602E-04   -9.7844E-02    2.6923E-01    8.1599E-05    1.8861E-04    1.4666E+00    3.8210E-01
    1.3061E+07    6.8825E-01    6.6394E+04    1.2562E+00    1.8781E-04   -1.0064E-01    2.7552E-01    8.2845E-05    1.8679E-04    1.4067E+00    3.9247E-01
    1.3411E+07    6.6097E-01    6.6962E+04    1.2847E+00    1.8952E-04   -1.0339E-01    2.8213E-01    8.4156E-05    1.8486E-04    1.3539E+00    4.0294E-01
    1.3757E+07    6.3732E-01    6.8591E+04    1.3169E+00    1.9116E-04   -1.0612E-01    2.8903E-01    8.5530E-05    1.8281E-04    1.3083E+00    4.1348E-01
    1.4101E+07    6.1710E-01    7.0470E+04    1.3427E+00    1.9270E-04   -1.0881E-01    2.9621E-01    8.6964E-05    1.8064E-04    1.2701E+00    4.2406E-01
    1.4444E+07    6.0035E-01    7.1826E+04    1.3690E+00    1.9417E-04   -1.1150E-01    3.0362E-01    8.8454E-05    1.7836E-04    1.2385E+00    4.3466E-01
    1.4787E+07    5.8667E-01    7.3154E+04    1.4020E+00    1.9554E-04   -1.1418E-01    3.1125E-01    8.9998E-05    1.7597E-04    1.2133E+00    4.4527E-01
    1.5131E+07    5.7603E-01    7.5399E+04    1.4363E+00    1.9682E-04   -1.1687E-01    3.1906E-01    9.1593E-05    1.7347E-04    1.1939E+00    4.5586E-01
    1.5479E+07    5.6840E-01    7.8256E+04    1.4689E+00    1.9800E-04   -1.1957E-01    3.2702E-01    9.3237E-05    1.7087E-04    1.1808E+00    4.6643E-01
    1.5832E+07    5.6362E-01    8.0750E+04    1.4997E+00    1.9910E-04   -1.2231E-01    3.3511E-01    9.4926E-05    1.6815E-04    1.1735E+00    4.7695E-01
    1.6192E+07    5.6162E-01    8.3663E+04    1.5348E+00    2.0010E-04   -1.2510E-01    3.4329E-01    9.6659E-05    1.6534E-04    1.1718E+00    4.8741E-01
    1.6560E+07    5.6199E-01    8.7116E+04    1.5666E+00    2.0100E-04   -1.2794E-01    3.5154E-01    9.8434E-05    1.6242E-04    1.1746E+00    4.9780E-01
    1.6560E+07   -3.2474E-13    9.0787E+04    1.5540E+00    2.0386E-04   -1.2794E-01    3.6056E-01    1.0025E-04    1.5946E-04    1.1616E+00    4.9780E-01
    1.6560E+07   -4.4409E-14    9.1045E+04    1.5123E+00    2.0678E-04   -1.2794E-01    3.6985E-01    1.0116E-04    1.5798E-04    1.1616E+00    4.9780E-01
    1.6560E+07    1.4988E-13    9.2303E+04    1.4811E+00    2.0976E-04   -1.2794E-01    3.7901E-01    1.0024E-04    1.5944E-04    1.1616E+00    4.9780E-01
    1.6560E+07   -7.7716E-14    8.8359E+04    1.4178E+00    2.1279E-04   -1.2794E-01    3.8728E-01    9.8425E-05    1.6239E-04    1.1616E+00    4.9780E-01
    1.6727E+07    2.5097E-01    8.1946E+04    1.4616E+00    2.1456E-04   -1.2913E-01    3.9416E-01    9.6647E-05    1.6528E-04    1.2457E+00    5.0559E-01
    1.6916E+07    2.8140E-01    8.2135E+04    1.5177E+00    2.1611E-04   -1.3054E-01    4.0095E-01    9.4909E-05    1.6808E-04    1.2877E+00    5.1325E-01
    1.7128E+07    3.1094E-01    8.0957E+04    1.5699E+00    2.1745E-04   -1.3211E-01    4.0760E-01    9.3216E-05    1.7078E-04    1.3434E+00    5.2072E-01
    1.7364E+07    3.4246E-01    8.5144E+04    1.6440E+00    2.1857E-04   -1.3386E-01    4.1409E-01    9.1568E-05    1.7336E-04    1.3995E+00    5.2801E-01
    1.7628E+07    3.7751E-01    8.9825E+04    1.6795E+00    2.1948E-04   -1.3581E-01    4.2039E-01    8.9969E-05    1.7585E-04    1.4654E+00    5.3511E-01
    1.7924E+07    4.1623E-01    9.3073E+04    1.7227E+00    2.2017E-04   -1.3799E-01    4.2649E-01    8.8421E-05    1.7822E-04    1.5354E+00    5.4200E-01
    1.8255E+07    4.5627E-01    9.5753E+04    1.7718E+00    2.2066E-04   -1.4044E-01    4.3236E-01    8.6927E-05    1.8048E-04    1.6068E+00    5.4872E-01
    1.8621E+07    4.9644E-01    1.0283E+05    1.8127E+00    2.2096E-04   -1.4316E-01    4.3798E-01    8.5489E-05    1.8263E-04    1.6758E+00    5.5527E-01
    1.9023E+07    5.3500E-01    1.0740E+05    1.8481E+00    2.2109E-04   -1.4617E-01    4.4333E-01    8.4111E-05    1.8466E-04    1.7406E+00    5.6165E-01
    1.9463E+07    5.7092E-01    1.1165E+05    1.8847E+00    2.2107E-04   -1.4946E-01    4.4841E-01    8.2796E-05    1.8658E-04    1.7974E+00    5.6789E-01
    1.9937E+07    6.0172E-01    1.1851E+05    1.9295E+00    2.2093E-04   -1.5304E-01    4.5320E-01    8.1546E-05    1.8838E-04    1.8425E+00    5.7397E-01
    2.0445E+07    6.2879E-01    1.2446E+05    1.9645E+00    2.2071E-04   -1.5688E-01    4.5769E-01    8.0365E-05    1.9006E-04    1.8822E+00    5.7990E-01
    2.0986E+07    6.5272E-01    1.3194E+05    1.9984E+00    2.2042E-04   -1.6099E-01    4.6188E-01    7.9256E-05    1.9162E-04    1.9145E+00    5.8567E-01
    2.1558E+07    6.7221E-01    1.3598E+05    2.0316E+00    2.2008E-04   -1.6534E-01    4.6576E-01    7.8222E-05    1.9306E-04    1.9370E+00    5.9130E-01
    2.2158E+07    6.8679E-01    1.4238E+05    2.0627E+00    2.1973E-04   -1.6993E-01    4.6933E-01    7.7265E-05    1.9438E-04    1.9492E+00    5.9677E-01
    2.2784E+07    6.9602E-01    1.4667E+05    2.0949E+00    2.1939E-04   -1.7474E-01    4.7259E-01    7.6390E-05    1.9557E-04    1.9500E+00    6.0209E-01
    2.3430E+07    6.9980E-01    1.5104E+05    2.1255E+00    2.1907E-04   -1.7972E-01    4.7553E-01    7.5597E-05    1.9664E-04    1.9408E+00    6.0725E-01
    2.4094E+07    6.9795E-01    1.5683E+05    2.1577E+00    2.1880E-04   -1.8485E-01    4.7816E-01    7.4891E-05    1.9759E-04    1.9196E+00    6.1224E-01
    2.4769E+07    6.9069E-01    1.5986E+05    2.1834E+00    2.1859E-04   -1.9009E-01    4.8048E-01    7.4274E-05    1.9841E-04    1.8884E+00    6.1703E-01
    2.5450E+07    6.7841E-01    1.6381E+05    2.2156E+00    2.1846E-04   -1.9540E-01    4.8250E-01    7.3747E-05    1.9910E-04    1.8482E+00    6.2164E-01
    2.6132E+07    6.6141E-01    1.6879E+05    2.2461E+00    2.1841E-04   -2.0075E-01    4.8422E-01    7.3314E-05    1.9966E-04    1.7987E+00    6.2603E-01
    2.6810E+07    6.4007E-01    1.7359E+05    2.2701E+00    2.1846E-04   -2.0607E-01    4.8565E-01    7.2975E-05    2.0010E-04    1.7420E+00    6.3020E-01
    2.7478E+07    6.1527E-01    1.7629E+05    2.3024E+00    2.1860E-04   -2.1134E-01    4.8680E-01    7.2731E-05    2.0042E-04    1.6791E+00    6.3413E-01
    2.8130E+07    5.8659E-01    1.8105E+05    2.3332E+00    2.1884E-04   -2.1652E-01    4.8767E-01    7.2585E-05    2.0060E-04    1.6084E+00    6.3782E-01
    2.8761E+07    5.5466E-01    1.8442E+05    2.3586E+00    2.1918E-04   -2.2155E-01    4.8827E-01    7.2536E-05    2.0065E-04    1.5329E+00    6.4124E-01
    2.9366E+07    5.2052E-01    1.8498E+05    2.3824E+00    2.1963E-04   -2.2639E-01    4.8862E-01    7.2584E-05    2.0058E-04    1.4540E+00    6.4440E-01
    2.9941E+07    4.8413E-01    1.8456E+05    2.4103E+00    2.2017E-04   -2.3101E-01    4.8871E-01    7.2730E-05    2.0038E-04    1.3709E+00    6.4727E-01
    3.0479E+07    4.4585E-01    1.8555E+05    2.4448E+00    2.2082E-04   -2.3537E-01    4.8857E-01    7.2973E-05    2.0005E-04    1.2853E+00    6.4986E-01
    3.0978E+07    4.0603E-01    1.8778E+05    2.4753E+00    2.2157E-04   -2.3943E-01    4.8820E-01    7.3311E-05    1.9960E-04    1.1973E+00    6.5215E-01
    3.1434E+07    3.6508E-01    1.9015E+05    2.5025E+00    2.2242E-04   -2.4317E-01    4.8762E-01    7.3744E-05    1.9902E-04    1.1083E+00    6.5416E-01
    3.1843E+07    3.2307E-01    1.9152E+05    2.5336E+00    2.2337E-04   -2.4656E-01    4.8682E-01    7.4270E-05    1.9831E-04    1.0176E+00    6.5588E-01
    3.2203E+07    2.8070E-01    1.9472E+05    2.5608E+00    2.2441E-04   -2.4957E-01    4.8584E-01    7.4887E-05    1.9747E-04    9.2777E-01    6.5731E-01
    3.2511E+07    2.3819E-01    1.9488E+05    2.5918E+00    2.2555E-04   -2.5219E-01    4.8468E-01    7.5593E-05    1.9651E-04    8.3813E-01    6.5845E-01
    3.2766E+07    1.9550E-01    1.9653E+05    2.6205E+00    2.2679E-04   -2.5439E-01    4.8335E-01    7.6384E-05    1.9542E-04    7.4907E-01    6.5933E-01
    3.2967E+07    1.5278E-01    1.9732E+05    2.6467E+00    2.2812E-04   -2.5618E-01    4.8186E-01    7.7260E-05    1.9421E-04    6.6056E-01    6.5995E-01
    3.3113E+07    1.1041E-01    1.9759E+05    2.6713E+00    2.2955E-04   -2.5754E-01    4.8024E-01    7.8216E-05    1.9288E-04    5.7410E-01    6.6032E-01
    3.3204E+07    6.8738E-02    1.9692E+05    2.6983E+00    2.3107E-04   -2.5847E-01    4.7849E-01    7.9250E-05    1.9142E-04    4.8936E-01    6.6047E-01
    3.3241E+07    2.7700E-02    1.9500E+05    2.7287E+00    2.3270E-04   -2.5897E-01    4.7663E-01    8.0358E-05    1.8985E-04    4.0681E-01    6.6041E-01
    3.3224E+07   -1.2444E-02    1.9400E+05    2.7561E+00    2.3443E-04   -2.5904E-01    4.7467E-01    8.1539E-05    1.8815E-04    3.2654E-01    6.6017E-01
    3.3156E+07   -5.1524E-02    1.8928E+05    2.7830E+00    2.3625E-04   -2.5871E-01    4.7263E-01    8.2788E-05    1.8634E-04    2.4936E-01    6.5976E-01
    3.3038E+07   -8.9379E-02    1.8489E+05    2.8138E+00    2.3818E-04   -2.5798E-01    4.7052E-01    8.4103E-05    1.8440E-04    1.7481E-01    6.5920E-01
    3.2871E+07   -1.2613E-01    1.8053E+05    2.8451E+00    2.4022E-04   -2.5686E-01    4.6835E-01    8.5480E-05    1.8235E-04    1.0376E-01    6.5853E-01
    3.2660E+07   -1.6143E-01    1.7736E+05    2.8780E+00    2.4236E-04   -2.5538E-01    4.6614E-01    8.6917E-05    1.8019E-04    3.5780E-02    6.5776E-01
    3.2405E+07   -1.9549E-01    1.7378E+05    2.9060E+00    2.4461E-04   -2.5356E-01    4.6390E-01    8.8411E-05    1.7792E-04   -2.9234E-02    6.5691E-01
    3.2111E+07   -2.2782E-01    1.6945E+05    2.9366E+00    2.4698E-04   -2.5141E-01    4.6164E-01    8.9959E-05    1.7553E-04   -8.9437E-02    6.5600E-01
    3.1781E+07   -2.5842E-01    1.6501E+05    2.9695E+00    2.4946E-04   -2.4896E-01    4.5937E-01    9.1558E-05    1.7303E-04   -1.4648E-01    6.5507E-01
    3.1418E+07   -2.8730E-01    1.6233E+05    3.0036E+00    2.5206E-04   -2.4625E-01    4.5710E-01    9.3205E-05    1.7043E-04   -1.9911E-01    6.5411E-01
    3.1026E+07   -3.1426E-01    1.5878E+05    3.0348E+00    2.5478E-04   -2.4329E-01    4.5485E-01    9.4899E-05    1.6772E-04   -2.4756E-01    6.5317E-01
    3.0607E+07   -3.3942E-01    1.5558E+05    3.0663E+00    2.5763E-04   -2.4011E-01    4.5263E-01    9.6636E-05    1.6491E-04   -2.9195E-01    6.5224E-01
    3.0167E+07   -3.6229E-01    1.5229E+05    3.0996E+00    2.6060E-04   -2.3675E-01    4.5044E-01    9.8414E-05    1.6200E-04   -3.3062E-01    6.5134E-01
    3.0167E+07   -1.9706E-13    1.5389E+05    3.0981E+00    2.6277E-04   -2.3675E-01    4.4989E-01    1.0023E-04    1.5905E-04   -3.3303E-01    6.5134E-01
    3.0167E+07    7.2164E-14    1.5946E+05    3.0647E+00    2.6501E-04   -2.3675E-01    4.4938E-01    1.0115E-04    1.5757E-04   -3.3303E-01    6.5134E-01
    3.0167E+07   -5.4956E-13    1.5583E+05    3.0271E+00    2.6729E-04   -2.3675E-01    4.4824E-01    1.0023E-04    1.5902E-04   -3.3303E-01    6.5134E-01
    3.0167E+07    3.6082E-13    1.5410E+05    2.9944E+00    2.6963E-04   -2.3675E-01    4.4568E-01    9.8421E-05    1.6196E-04   -3.3303E-01    6.5134E-01
    2.9356E+07   -6.8155E-01    1.4013E+05    2.9837E+00    2.7433E-04   -2.3028E-01    4.4075E-01    9.6646E-05    1.6485E-04   -2.8840E-01    6.4705E-01
    2.8562E+07   -6.8495E-01    1.2221E+05    3.0182E+00    2.7910E-04   -2.2403E-01    4.3581E-01    9.4913E-05    1.6763E-04   -2.7926E-01    6.4286E-01
    2.7779E+07   -6.9477E-01    1.1262E+05    3.0807E+00    2.8399E-04   -2.1787E-01    4.3088E-01    9.3223E-05    1.7032E-04   -2.6940E-01    6.3877E-01
    2.7011E+07   -7.0095E-01    1.0641E+05    3.1374E+00    2.8897E-04   -2.1179E-01    4.2599E-01    9.1580E-05    1.7290E-04   -2.4609E-01    6.3480E-01
    2.6265E+07   -7.0074E-01    1.0352E+05   -3.0887E+00    2.9403E-04   -2.0586E-01    4.2115E-01    8.9985E-05    1.7537E-04   -2.1091E-01    6.3098E-01
    2.5544E+07   -6.9563E-01    1.0049E+05   -3.0345E+00    2.9916E-04   -2.0011E-01    4.1640E-01    8.8441E-05    1.7774E-04   -1.6571E-01    6.2732E-01
    2.4852E+07   -6.8633E-01    1.0213E+05   -2.9859E+00    3.0433E-04   -1.9458E-01    4.1175E-01    8.6950E-05    1.7999E-04   -1.1244E-01    6.2382E-01
    2.4190E+07   -6.7464E-01    1.0092E+05   -2.9614E+00    3.0953E-04   -1.8929E-01    4.0720E-01    8.5517E-05    1.8213E-04   -5.5161E-02    6.2048E-01
    2.3559E+07   -6.6157E-01    9.6328E+04   -2.9265E+00    3.1477E-04   -1.8423E-01    4.0279E-01    8.4143E-05    1.8416E-04    4.2017E-03    6.1733E-01
    2.2957E+07   -6.4678E-01    9.4152E+04   -2.8820E+00    3.2003E-04   -1.7940E-01    3.9851E-01    8.2831E-05    1.8607E-04    6.8892E-02    6.1435E-01
    2.2386E+07   -6.3025E-01    8.9914E+04   -2.8468E+00    3.2532E-04   -1.7481E-01    3.9438E-01    8.1585E-05    1.8786E-04    1.3501E-01    6.1155E-01
    2.1844E+07   -6.1243E-01    8.6739E+04   -2.7927E+00    3.3061E-04   -1.7046E-01    3.9039E-01    8.0408E-05    1.8954E-04    2.0506E-01    6.0893E-01
    2.1331E+07   -5.9349E-01    8.6283E+04   -2.7378E+00    3.3592E-04   -1.6633E-01    3.8656E-01    7.9302E-05    1.9110E-04    2.7553E-01    6.0649E-01
    2.0847E+07   -5.7448E-01    8.7722E+04   -2.6978E+00    3.4122E-04   -1.6243E-01    3.8286E-01    7.8271E-05    1.9253E-04    3.4636E-01    6.0420E-01
    2.0389E+07   -5.5484E-01    8.7344E+04   -2.6630E+00    3.4652E-04   -1.5875E-01    3.7930E-01    7.7318E-05    1.9384E-04    4.1873E-01    6.0207E-01
    1.9957E+07   -5.3515E-01    8.7142E+04   -2.6198E+00    3.5181E-04   -1.5527E-01    3.7587E-01    7.6445E-05    1.9503E-04    4.8956E-01    6.0010E-01
    1.9550E+07   -5.1611E-01    8.8011E+04   -2.5834E+00    3.5708E-04   -1.5199E-01    3.7256E-01    7.5656E-05    1.9610E-04    5.5880E-01    5.9828E-01
    1.9164E+07   -4.9762E-01    8.6738E+04   -2.5457E+00    3.6234E-04   -1.4889E-01    3.6937E-01    7.4952E-05    1.9704E-04    6.2687E-01    5.9660E-01
    1.8800E+07   -4.7975E-01    8.6279E+04   -2.5080E+00    3.6758E-04   -1.4595E-01    3.6628E-01    7.4337E-05    1.9786E-04    6.9277E-01    5.9506E-01
    1.8455E+07   -4.6293E-01    8.6305E+04   -2.4649E+00    3.7280E-04   -1.4318E-01    3.6330E-01    7.3813E-05    1.9855E-04    7.5596E-01    5.9365E-01
    1.8128E+07   -4.4759E-01    8.6295E+04   -2.4345E+00    3.7803E-04   -1.4055E-01    3.6041E-01    7.3381E-05    1.9911E-04    8.1455E-01    5.9237E-01
    1.7816E+07   -4.3411E-01    8.5993E+04   -2.3940E+00    3.8326E-04   -1.3805E-01    3.5761E-01    7.3043E-05    1.9955E-04    8.7086E-01    5.9121E-01
    1.7518E+07   -4.2160E-01    8.4800E+04   -2.3548E+00    3.8850E-04   -1.3567E-01    3.5491E-01    7.2801E-05    1.9986E-04    9.2367E-01    5.9017E-01
    1.7232E+07   -4.1084E-01    8.5412E+04   -2.3124E+00    3.9375E-04   -1.3339E-01    3.5231E-01    7.2655E-05    2.0004E-04    9.7297E-01    5.8924E-01
    1.6958E+07   -4.0139E-01    8.4731E+04   -2.2808E+00    3.9903E-04   -1.3120E-01    3.4982E-01    7.2607E-05    2.0010E-04    1.0197E+00    5.8843E-01
    1.6693E+07   -3.9309E-01    8.4011E+04   -2.2456E+00    4.0433E-04   -1.2909E-01    3.4744E-01    7.2655E-05    2.0003E-04    1.0645E+00    5.8773E-01
    1.6438E+07   -3.8582E-01    8.3392E+04   -2.2129E+00    4.0966E-04   -1.2706E-01    3.4517E-01    7.2801E-05    1.9983E-04    1.1069E+00    5.8714E-01
    1.6190E+07   -3.7962E-01    8.2170E+04   -2.1839E+00    4.1502E-04   -1.2509E-01    3.4304E-01    7.3043E-05    1.9950E-04    1.1468E+00    5.8666E-01
    1.5949E+07   -3.7441E-01    8.1347E+04   -2.1486E+00    4.2041E-04   -1.2318E-01    3.4104E-01    7.3381E-05    1.9905E-04    1.1851E+00    5.8628E-01
    1.5715E+07   -3.6967E-01    8.0208E+04   -2.1182E+00    4.2584E-04   -1.2132E-01    3.3919E-01    7.3813E-05    1.9847E-04    1.2228E+00    5.8601E-01
    1.5487E+07   -3.6541E-01    7.9534E+04   -2.0906E+00    4.3130E-04   -1.1951E-01    3.3750E-01    7.4337E-05    1.9776E-04    1.2597E+00    5.8584E-01
    1.5265E+07   -3.6125E-01    7.8171E+04   -2.0574E+00    4.3681E-04   -1.1775E-01    3.3596E-01    7.4952E-05    1.9693E-04    1.2969E+00    5.8578E-01
    1.5049E+07   -3.5675E-01    7.7567E+04   -2.0307E+00    4.4235E-04   -1.1603E-01    3.3459E-01    7.5655E-05    1.9597E-04    1.3348E+00    5.8582E-01
    1.4838E+07   -3.5188E-01    7.6821E+04   -1.9980E+00    4.4793E-04   -1.1436E-01    3.3338E-01    7.6445E-05    1.9489E-04    1.3737E+00    5.8596E-01
    1.4634E+07   -3.4625E-01    7.5566E+04   -1.9679E+00    4.5353E-04   -1.1274E-01    3.3233E-01    7.7317E-05    1.9368E-04    1.4144E+00    5.8620E-01
    1.4436E+07   -3.4007E-01    7.5321E+04   -1.9319E+00    4.5915E-04   -1.1117E-01    3.3143E-01    7.8270E-05    1.9235E-04    1.4556E+00    5.8653E-01
    1.4245E+07   -3.3288E-01    7.5189E+04   -1.9028E+00    4.6479E-04   -1.0965E-01    3.3068E-01    7.9301E-05    1.9090E-04    1.4993E+00    5.8696E-01
    1.4062E+07   -3.2454E-01    7.3813E+04   -1.8753E+00    4.7042E-04   -1.0818E-01    3.3007E-01    8.0407E-05    1.8933E-04    1.5450E+00    5.8749E-01
    1.3886E+07   -3.1522E-01    7.2984E+04   -1.8322E+00    4.7606E-04   -1.0677E-01    3.2959E-01    8.1584E-05    1.8764E-04    1.5924E+00    5.8811E-01
    1.3718E+07   -3.0418E-01    7.3132E+04   -1.7976E+00    4.8167E-04   -1.0542E-01    3.2923E-01    8.2829E-05    1.8583E-04    1.6433E+00    5.8882E-01
    1.3558E+07   -2.9173E-01    7.3317E+04   -1.7658E+00    4.8724E-04   -1.0414E-01    3.2898E-01    8.4140E-05    1.8390E-04    1.6956E+00    5.8963E-01
    1.3408E+07   -2.7811E-01    7.2283E+04   -1.7317E+00    4.9276E-04   -1.0293E-01    3.2882E-01    8.5514E-05    1.8186E-04    1.7488E+00    5.9052E-01
    1.3268E+07   -2.6347E-01    7.2334E+04   -1.6924E+00    4.9821E-04   -1.0180E-01    3.2875E-01    8.6947E-05    1.7970E-04    1.8033E+00    5.9149E-01
    1.3138E+07   -2.4652E-01    7.2827E+04   -1.6546E+00    5.0356E-04   -1.0074E-01    3.2876E-01    8.8437E-05    1.7744E-04    1.8627E+00    5.9256E-01
    1.3019E+07   -2.2695E-01    7.3027E+04   -1.6195E+00    5.0879E-04   -9.9760E-02    3.2884E-01    8.9980E-05    1.7506E-04    1.9250E+00    5.9372E-01
    1.2912E+07   -2.0633E-01    7.4201E+04   -1.5822E+00    5.1387E-04   -9.8877E-02    3.2900E-01    9.1575E-05    1.7257E-04    1.9868E+00    5.9496E-01
    1.2817E+07   -1.8432E-01    7.4112E+04   -1.5505E+00    5.1878E-04   -9.8086E-02    3.2922E-01    9.3218E-05    1.6998E-04    2.0503E+00    5.9628E-01
    1.2735E+07   -1.6052E-01    7.4687E+04   -1.5120E+00    5.2351E-04   -9.7393E-02    3.2950E-01    9.4907E-05    1.6728E-04    2.1159E+00    5.9769E-01
    1.2667E+07   -1.3452E-01    7.5128E+04   -1.4704E+00    5.2803E-04   -9.6803E-02    3.2985E-01    9.6640E-05    1.6448E-04    2.1837E+00    5.9917E-01
    1.2613E+07   -1.0603E-01    7.7440E+04   -1.4327E+00    5.3231E-04   -9.6324E-02    3.3028E-01    9.8414E-05    1.6158E-04    2.2542E+00    6.0073E-01
    1.2613E+07   -1.9429E-14    7.9305E+04   -1.4917E+00    5.3577E-04   -9.6324E-02    3.3177E-01    1.0023E-04    1.5863E-04    2.2590E+00    6.0073E-01
    1.2613E+07    1.8874E-13    7.3606E+04   -1.5545E+00    5.3927E-04   -9.6324E-02    3.3332E-01    1.0114E-04    1.5716E-04    2.2590E+00    6.0073E-01
    1.2613E+07   -1.7486E-13    7.0255E+04   -1.5677E+00    5.4281E-04   -9.6324E-02    3.3467E-01    1.0022E-04    1.5861E-04    2.2590E+00    6.0073E-01
    1.2613E+07    2.2760E-13    7.1242E+04   -1.5893E+00    5.4639E-04   -9.6324E-02    3.3534E-01    9.8408E-05    1.6154E-04    2.2590E+00    6.0073E-01
    1.2435E+07   -3.5483E-01    6.9835E+04   -1.5480E+00    5.5358E-04   -9.4789E-02    3.3461E-01    9.6631E-05    1.6442E-04    2.4211E+00    6.0103E-01
    1.2286E+07   -3.0300E-01    6.7328E+04   -1.4698E+00    5.6030E-04   -9.3530E-02    3.3390E-01    9.4896E-05    1.6721E-04    2.5429E+00    6.0135E-01
    1.2158E+07   -2.6194E-01    7.2392E+04   -1.4224E+00    5.6664E-04   -9.2442E-02    3.3322E-01    9.3204E-05    1.6989E-04    2.6607E+00    6.0170E-01
    1.2054E+07   -2.1376E-01    7.0684E+04   -1.4050E+00    5.7252E-04   -9.1528E-02    3.3258E-01    9.1558E-05    1.7246E-04    2.7958E+00    6.0206E-01
    1.1978E+07   -1.5843E-01    6.7958E+04   -1.3351E+00    5.7784E-04   -9.0824E-02    3.3200E-01    8.9961E-05    1.7493E-04    2.9315E+00    6.0244E-01
    1.1929E+07   -1.0260E-01    7.1617E+04   -1.2804E+00    5.8256E-04   -9.0335E-02    3.3150E-01    8.8414E-05    1.7729E-04    3.0589E+00    6.0286E-01
    1.1907E+07   -4.6599E-02    7.3133E+04   -1.2410E+00    5.8669E-04   -9.0056E-02    3.3107E-01    8.6922E-05    1.7954E-04    3.1810E+00    6.0330E-01
    1.1912E+07    1.0442E-02    7.6917E+04   -1.2074E+00    5.9018E-04   -8.9989E-02    3.3073E-01    8.5486E-05    1.8168E-04    3.2973E+00    6.0376E-01
    1.1944E+07    6.7646E-02    7.7302E+04   -1.1780E+00    5.9302E-04   -9.0134E-02    3.3047E-01    8.4110E-05    1.8370E-04    3.4071E+00    6.0426E-01
    1.2004E+07    1.2466E-01    8.0314E+04   -1.1351E+00    5.9521E-04   -9.0494E-02    3.3029E-01    8.2796E-05    1.8561E-04    3.5081E+00    6.0479E-01
    1.2090E+07    1.7913E-01    8.2118E+04   -1.1057E+00    5.9677E-04   -9.1067E-02    3.3018E-01    8.1548E-05    1.8740E-04    3.5957E+00    6.0536E-01
    1.2202E+07    2.3121E-01    8.4229E+04   -1.0649E+00    5.9773E-04   -9.1846E-02    3.3015E-01    8.0368E-05    1.8908E-04    3.6725E+00    6.0597E-01
    1.2340E+07    2.8025E-01    8.6977E+04   -1.0243E+00    5.9811E-04   -9.2825E-02    3.3019E-01    7.9261E-05    1.9063E-04    3.7365E+00    6.0664E-01
    1.2501E+07    3.2518E-01    9.0906E+04   -9.9063E-01    5.9795E-04   -9.3997E-02    3.3029E-01    7.8227E-05    1.9207E-04    3.7865E+00    6.0735E-01
    1.2686E+07    3.6581E-01    9.4242E+04   -9.6023E-01    5.9732E-04   -9.5353E-02    3.3046E-01    7.7272E-05    1.9338E-04    3.8226E+00    6.0812E-01
    1.2891E+07    4.0215E-01    9.6670E+04   -9.3434E-01    5.9626E-04   -9.6881E-02    3.3070E-01    7.6397E-05    1.9457E-04    3.8468E+00    6.0895E-01
    1.3117E+07    4.3404E-01    9.9662E+04   -9.0272E-01    5.9482E-04   -9.8571E-02    3.3101E-01    7.5606E-05    1.9564E-04    3.8585E+00    6.0983E-01
    1.3361E+07    4.6139E-01    1.0314E+05   -8.8209E-01    5.9306E-04   -1.0041E-01    3.3140E-01    7.4901E-05    1.9658E-04    3.8582E+00    6.1079E-01
    1.3622E+07    4.8378E-01    1.0561E+05   -8.5756E-01    5.9104E-04   -1.0239E-01    3.3188E-01    7.4284E-05    1.9739E-04    3.8457E+00    6.1181E-01
    1.3898E+07    5.0130E-01    1.0825E+05   -8.3243E-01    5.8882E-04   -1.0450E-01    3.3246E-01    7.3759E-05    1.9809E-04    3.8228E+00    6.1290E-01
    1.4187E+07    5.1462E-01    1.1148E+05   -8.0427E-01    5.8643E-04   -1.0671E-01    3.3317E-01    7.3326E-05    1.9865E-04    3.7912E+00    6.1405E-01
    1.4488E+07    5.2329E-01    1.1467E+05   -7.8351E-01    5.8394E-04   -1.0902E-01    3.3401E-01    7.2987E-05    1.9909E-04    3.7495E+00    6.1529E-01
    1.4796E+07    5.2749E-01    1.1722E+05   -7.6044E-01    5.8139E-04   -1.1140E-01    3.3499E-01    7.2744E-05    1.9940E-04    3.6999E+00    6.1659E-01
    1.5112E+07    5.2767E-01    1.2065E+05   -7.4007E-01    5.7883E-04   -1.1385E-01    3.3612E-01    7.2598E-05    1.9959E-04    3.6438E+00    6.1796E-01
    1.5433E+07    5.2449E-01    1.2437E+05   -7.2273E-01    5.7629E-04   -1.1634E-01    3.3741E-01    7.2549E-05    1.9965E-04    3.5818E+00    6.1940E-01
    1.5756E+07    5.1795E-01    1.2588E+05   -7.0588E-01    5.7381E-04   -1.1886E-01    3.3885E-01    7.2597E-05    1.9958E-04    3.5148E+00    6.2092E-01
    1.6079E+07    5.0869E-01    1.2864E+05   -6.8285E-01    5.7142E-04   -1.2140E-01    3.4043E-01    7.2743E-05    1.9938E-04    3.4449E+00    6.2250E-01
    1.6403E+07    4.9767E-01    1.3146E+05   -6.6369E-01    5.6914E-04   -1.2393E-01    3.4215E-01    7.2985E-05    1.9906E-04    3.3739E+00    6.2415E-01
    1.6724E+07    4.8515E-01    1.3411E+05   -6.4463E-01    5.6698E-04   -1.2645E-01    3.4398E-01    7.3323E-05    1.9861E-04    3.3020E+00    6.2586E-01
    1.7042E+07    4.7105E-01    1.3458E+05   -6.2444E-01    5.6495E-04   -1.2896E-01    3.4592E-01    7.3755E-05    1.9803E-04    3.2285E+00    6.2764E-01
    1.7356E+07    4.5585E-01    1.3498E+05   -6.0143E-01    5.6307E-04   -1.3143E-01    3.4793E-01    7.4281E-05    1.9733E-04    3.1564E+00    6.2947E-01
    1.7664E+07    4.4030E-01    1.3528E+05   -5.8025E-01    5.6134E-04   -1.3386E-01    3.4999E-01    7.4897E-05    1.9650E-04    3.0849E+00    6.3136E-01
    1.7966E+07    4.2385E-01    1.3368E+05   -5.5666E-01    5.5977E-04   -1.3625E-01    3.5209E-01    7.5601E-05    1.9555E-04    3.0138E+00    6.3329E-01
    1.8261E+07    4.0733E-01    1.3401E+05   -5.2878E-01    5.5837E-04   -1.3859E-01    3.5421E-01    7.6392E-05    1.9447E-04    2.9452E+00    6.3528E-01
    1.8549E+07    3.9107E-01    1.3322E+05   -5.0924E-01    5.5712E-04   -1.4087E-01    3.5632E-01    7.7266E-05    1.9327E-04    2.8794E+00    6.3730E-01
    1.8830E+07    3.7490E-01    1.3144E+05   -4.8180E-01    5.5602E-04   -1.4310E-01    3.5841E-01    7.8221E-05    1.9195E-04    2.8151E+00    6.3937E-01
    1.9102E+07    3.5929E-01    1.3021E+05   -4.5002E-01    5.5507E-04   -1.4526E-01    3.6049E-01    7.9254E-05    1.9051E-04    2.7546E+00    6.4147E-01
    1.9367E+07    3.4404E-01    1.3071E+05   -4.1704E-01    5.5427E-04   -1.4736E-01    3.6253E-01    8.0362E-05    1.8894E-04    2.6956E+00    6.4361E-01
    1.9623E+07    3.2881E-01    1.3147E+05   -3.9144E-01    5.5360E-04   -1.4940E-01    3.6456E-01    8.1541E-05    1.8726E-04    2.6388E+00    6.4577E-01
    1.9872E+07    3.1457E-01    1.3055E+05   -3.6948E-01    5.5306E-04   -1.5138E-01    3.6656E-01    8.2789E-05    1.8546E-04    2.5862E+00    6.4796E-01
    2.0113E+07    3.0148E-01    1.2812E+05   -3.4135E-01    5.5263E-04   -1.5329E-01    3.6854E-01    8.4103E-05    1.8354E-04    2.5366E+00    6.5016E-01
    2.0347E+07    2.8891E-01    1.2725E+05   -3.0789E-01    5.5231E-04   -1.5515E-01    3.7052E-01    8.5479E-05    1.8150E-04    2.4892E+00    6.5237E-01
    2.0573E+07    2.7684E-01    1.2723E+05   -2.7443E-01    5.5209E-04   -1.5695E-01    3.7250E-01    8.6915E-05    1.7936E-04    2.4441E+00    6.5459E-01
    2.0793E+07    2.6523E-01    1.2914E+05   -2.4643E-01    5.5196E-04   -1.5869E-01    3.7448E-01    8.8407E-05    1.7710E-04    2.4007E+00    6.5681E-01
    2.1005E+07    2.5413E-01    1.2761E+05   -2.2607E-01    5.5192E-04   -1.6038E-01    3.7647E-01    8.9954E-05    1.7473E-04    2.3601E+00    6.5902E-01
    2.1211E+07    2.4425E-01    1.2629E+05   -1.9581E-01    5.5195E-04   -1.6202E-01    3.7846E-01    9.1551E-05    1.7225E-04    2.3228E+00    6.6123E-01
    2.1412E+07    2.3522E-01    1.2444E+05   -1.6503E-01    5.5204E-04   -1.6361E-01    3.8045E-01    9.3197E-05    1.6966E-04    2.2880E+00    6.6342E-01
    2.1607E+07    2.2691E-01    1.2407E+05   -1.2724E-01    5.5218E-04   -1.6516E-01    3.8242E-01    9.4890E-05    1.6697E-04    2.2555E+00    6.6559E-01
    2.1797E+07    2.1910E-01    1.2602E+05   -9.1911E-02    5.5237E-04   -1.6667E-01    3.8437E-01    9.6625E-05    1.6418E-04    2.2244E+00    6.6773E-01
    2.1983E+07    2.1170E-01    1.2786E+05   -6.5672E-02    5.5261E-04   -1.6814E-01    3.8628E-01    9.8402E-05    1.6129E-04    2.1947E+00    6.6985E-01
