- - - - - - - - - - - - - - - - - - - - - - - ------------------------------------------------
Genesis 1.3 output start
(Version 1.0 Unix)

Input file name:  rad0.in                       

 $newrun
 aw0   =  9.570000D-01
 xkx   =  0.000000D+00
 xky   =  1.000000D+00
 wcoefz=  0.000000D+00   0.000000D+00   0.000000D+00
 xlamd =  2.500000D-02
 fbess0=  0.000000D+00
 delaw =  0.000000D+00
 iertyp=    0
 iwityp=    0
 awd   =  9.570000D-01
 awx   =  0.000000D+00
 awy   =  0.000000D+00
 iseed =   -1
 npart =   8722
 gamma0=  3.228960D+02
 delgam=  1.614000D-02
 rxbeam=  1.340900D-04
 rybeam=  9.205900D-05
 alphax= -1.049800D+00
 alphay=  5.773800D-01
 emitx =  2.000000D-06
 emity =  2.000000D-06
 xbeam =  0.000000D+00
 ybeam =  0.000000D+00
 pxbeam=  0.000000D+00
 pybeam=  0.000000D+00
 conditx =  0.000000D+00
 condity =  0.000000D+00
 bunch =  0.000000D+00
 bunchphase =  0.000000D+00
 emod =  0.000000D+00
 emodphase =  0.000000D+00
 xlamds=  2.300000D-07
 prad0 =  1.000000D-02
 pradh0=  0.000000D+00
 zrayl =  5.000000D-01
 zwaist=  0.000000D+00
 ncar  =  121
 lbc   =    0
 rmax0 =  8.000000D+00
 dgrid =  0.000000D+00
 nscr  =    0
 nscz  =    0
 nptr  =   40
 nwig  =   98
 zsep  =  1.000000D+00
 delz  =  1.000000D+00
 nsec  =    1
 iorb  =    0
 zstop = -1.000000D+00
 magin =    0
 magout=    0
 quadf =  0.000000D+00
 quadd =  0.000000D+00
 fl    =  0.000000D+00
 dl    =  0.000000D+00
 drl   =  0.000000D+00
 f1st  =  0.000000D+00
 qfdx  =  0.000000D+00
 qfdy  =  0.000000D+00
 solen =  0.000000D+00
 sl    =  0.000000D+00
 ildgam=    5
 ildpsi=    7
 ildx  =    1
 ildy  =    2
 ildpx =    3
 ildpy =    4
 itgaus=    1
 nbins =    8
 igamgaus =    1
 inverfc =    0
 lout  = 1 0 0 1 1 0 0 1 1 1 0 0 0 1 0 0 1 0 0
 0 0
 iphsty=    1
 ishsty=    1
 ippart=    0
 ispart=    0
 ipradi=    0
 isradi=    0
 idump =    0
 iotail=    1
 nharm =    3
 iallharm =    1
 iharmsc =    1
 curpeak=  1.200000D+02
 curlen=  0.000000D+00
 ntail =   -5
 nslice=   10
 shotnoise=  0.000000D+00
 isntyp=    0
 iall  =    1
 itdp  =    0
 ipseed=   -1
 iscan =    0
 nscan =    3
 svar  =  1.000000D-02
 isravg=    0
 isrsig=    0
 cuttail= -1.000000D+00
 eloss =  0.000000D+00
 version=  2.000000D+00
 ndcut =   -1
 idmpfld=    0
 idmppar=    0
 ilog  =    0
 ffspec=    0
 convharm=    1
 ibfield=  0.000000D+00
 imagl=    0.000000D+00
 idril=    0.000000D+00
 alignradf=    0
 offsetradf=    0
 multconv=    0
 igamref=  0.000000D+00
 rmax0sc=  0.000000D+00
 iscrkup=    0
 trama=    0
 itram11=  1.000000D+00
 itram12=  0.000000D+00
 itram13=  0.000000D+00
 itram14=  0.000000D+00
 itram15=  0.000000D+00
 itram16=  0.000000D+00
 itram21=  0.000000D+00
 itram22=  1.000000D+00
 itram23=  0.000000D+00
 itram24=  0.000000D+00
 itram25=  0.000000D+00
 itram26=  0.000000D+00
 itram31=  0.000000D+00
 itram32=  0.000000D+00
 itram33=  1.000000D+00
 itram34=  0.000000D+00
 itram35=  0.000000D+00
 itram36=  0.000000D+00
 itram41=  0.000000D+00
 itram42=  0.000000D+00
 itram43=  0.000000D+00
 itram44=  1.000000D+00
 itram45=  0.000000D+00
 itram46=  0.000000D+00
 itram51=  0.000000D+00
 itram52=  0.000000D+00
 itram53=  0.000000D+00
 itram54=  0.000000D+00
 itram55=  1.000000D+00
 itram56=  0.000000D+00
 itram61=  0.000000D+00
 itram62=  0.000000D+00
 itram63=  0.000000D+00
 itram64=  0.000000D+00
 itram65=  0.000000D+00
 itram66=  1.000000D+00
 outputfile ='rad.out'
 maginfile ='rad0.lat'
 partfile ='../mslices/slice100'
 filetype ='ORIGINAL'
 $end
flags for output parameter
 1 0 0 1 1 0 0 1 1 1 0 0 0 1 0 0 4 0 0 0 0
  421 entries per record
    1 history records
    0.2300E-06 wavelength
    0.2300E-06 seperation of output slices
  121 number of gridpoints
    0.2360E-04 meshsize
   8722 number of particles
    0 particle: records in z
    0 particle: records in t
    0 field: records in z
    0 field: records in t
    z[m]          aw            qfld      
    0.0000E+00    0.0000E+00    0.0000E+00
    2.5000E-02    0.0000E+00    0.0000E+00
    5.0000E-02    0.0000E+00    0.0000E+00
    7.5000E-02    0.0000E+00    0.0000E+00
    1.0000E-01    0.0000E+00    4.0000E+00
    1.2500E-01    0.0000E+00    4.0000E+00
    1.5000E-01    0.0000E+00    4.0000E+00
    1.7500E-01    0.0000E+00    4.0000E+00
    2.0000E-01    0.0000E+00    0.0000E+00
    2.2500E-01    0.0000E+00    0.0000E+00
    2.5000E-01    0.0000E+00    0.0000E+00
    2.7500E-01    9.6300E-01    0.0000E+00
    3.0000E-01    9.6300E-01    0.0000E+00
    3.2500E-01    9.6300E-01    0.0000E+00
    3.5000E-01    9.6300E-01    0.0000E+00
    3.7500E-01    9.6300E-01    0.0000E+00
    4.0000E-01    9.6300E-01    0.0000E+00
    4.2500E-01    9.6300E-01    0.0000E+00
    4.5000E-01    9.6300E-01    0.0000E+00
    4.7500E-01    9.6300E-01    0.0000E+00
    5.0000E-01    9.6300E-01    0.0000E+00
    5.2500E-01    9.6300E-01    0.0000E+00
    5.5000E-01    9.6300E-01    0.0000E+00
    5.7500E-01    9.6300E-01    0.0000E+00
    6.0000E-01    9.6300E-01    0.0000E+00
    6.2500E-01    9.6300E-01    0.0000E+00
    6.5000E-01    9.6300E-01    0.0000E+00
    6.7500E-01    9.6300E-01    0.0000E+00
    7.0000E-01    9.6300E-01    0.0000E+00
    7.2500E-01    9.6300E-01    0.0000E+00
    7.5000E-01    9.6300E-01    0.0000E+00
    7.7500E-01    9.6300E-01    0.0000E+00
    8.0000E-01    9.6300E-01    0.0000E+00
    8.2500E-01    9.6300E-01    0.0000E+00
    8.5000E-01    9.6300E-01    0.0000E+00
    8.7500E-01    9.6300E-01    0.0000E+00
    9.0000E-01    9.6300E-01    0.0000E+00
    9.2500E-01    9.6300E-01    0.0000E+00
    9.5000E-01    9.6300E-01    0.0000E+00
    9.7500E-01    9.6300E-01    0.0000E+00
    1.0000E+00    9.6300E-01    0.0000E+00
    1.0250E+00    9.6300E-01    0.0000E+00
    1.0500E+00    9.6300E-01    0.0000E+00
    1.0750E+00    9.6300E-01    0.0000E+00
    1.1000E+00    9.6300E-01    0.0000E+00
    1.1250E+00    9.6300E-01    0.0000E+00
    1.1500E+00    9.6300E-01    0.0000E+00
    1.1750E+00    9.6300E-01    0.0000E+00
    1.2000E+00    9.6300E-01    0.0000E+00
    1.2250E+00    9.6300E-01    0.0000E+00
    1.2500E+00    9.6300E-01    0.0000E+00
    1.2750E+00    9.6300E-01    0.0000E+00
    1.3000E+00    9.6300E-01    0.0000E+00
    1.3250E+00    9.6300E-01    0.0000E+00
    1.3500E+00    9.6300E-01    0.0000E+00
    1.3750E+00    9.6300E-01    0.0000E+00
    1.4000E+00    9.6300E-01    0.0000E+00
    1.4250E+00    9.6300E-01    0.0000E+00
    1.4500E+00    9.6300E-01    0.0000E+00
    1.4750E+00    9.6300E-01    0.0000E+00
    1.5000E+00    9.6300E-01    0.0000E+00
    1.5250E+00    9.6300E-01    0.0000E+00
    1.5500E+00    9.6300E-01    0.0000E+00
    1.5750E+00    9.6300E-01    0.0000E+00
    1.6000E+00    9.6300E-01    0.0000E+00
    1.6250E+00    9.6300E-01    0.0000E+00
    1.6500E+00    9.6300E-01    0.0000E+00
    1.6750E+00    9.6300E-01    0.0000E+00
    1.7000E+00    9.6300E-01    0.0000E+00
    1.7250E+00    9.6300E-01    0.0000E+00
    1.7500E+00    9.6300E-01    0.0000E+00
    1.7750E+00    0.0000E+00    0.0000E+00
    1.8000E+00    0.0000E+00    0.0000E+00
    1.8250E+00    0.0000E+00    0.0000E+00
    1.8500E+00    0.0000E+00    1.0000E+00
    1.8750E+00    0.0000E+00    1.0000E+00
    1.9000E+00    0.0000E+00    1.0000E+00
    1.9250E+00    0.0000E+00    1.0000E+00
    1.9500E+00    0.0000E+00    0.0000E+00
    1.9750E+00    0.0000E+00    0.0000E+00
    2.0000E+00    0.0000E+00    0.0000E+00
    2.0250E+00    9.6300E-01    0.0000E+00
    2.0500E+00    9.6300E-01    0.0000E+00
    2.0750E+00    9.6300E-01    0.0000E+00
    2.1000E+00    9.6300E-01    0.0000E+00
    2.1250E+00    9.6300E-01    0.0000E+00
    2.1500E+00    9.6300E-01    0.0000E+00
    2.1750E+00    9.6300E-01    0.0000E+00
    2.2000E+00    9.6300E-01    0.0000E+00
    2.2250E+00    9.6300E-01    0.0000E+00
    2.2500E+00    9.6300E-01    0.0000E+00
    2.2750E+00    9.6300E-01    0.0000E+00
    2.3000E+00    9.6300E-01    0.0000E+00
    2.3250E+00    9.6300E-01    0.0000E+00
    2.3500E+00    9.6300E-01    0.0000E+00
    2.3750E+00    9.6300E-01    0.0000E+00
    2.4000E+00    9.6300E-01    0.0000E+00
    2.4250E+00    9.6300E-01    0.0000E+00
    2.4500E+00    9.6300E-01    0.0000E+00
    2.4750E+00    9.6300E-01    0.0000E+00
    2.5000E+00    9.6300E-01    0.0000E+00
    2.5250E+00    9.6300E-01    0.0000E+00
    2.5500E+00    9.6300E-01    0.0000E+00
    2.5750E+00    9.6300E-01    0.0000E+00
    2.6000E+00    9.6300E-01    0.0000E+00
    2.6250E+00    9.6300E-01    0.0000E+00
    2.6500E+00    9.6300E-01    0.0000E+00
    2.6750E+00    9.6300E-01    0.0000E+00
    2.7000E+00    9.6300E-01    0.0000E+00
    2.7250E+00    9.6300E-01    0.0000E+00
    2.7500E+00    9.6300E-01    0.0000E+00
    2.7750E+00    9.6300E-01    0.0000E+00
    2.8000E+00    9.6300E-01    0.0000E+00
    2.8250E+00    9.6300E-01    0.0000E+00
    2.8500E+00    9.6300E-01    0.0000E+00
    2.8750E+00    9.6300E-01    0.0000E+00
    2.9000E+00    9.6300E-01    0.0000E+00
    2.9250E+00    9.6300E-01    0.0000E+00
    2.9500E+00    9.6300E-01    0.0000E+00
    2.9750E+00    9.6300E-01    0.0000E+00
    3.0000E+00    9.6300E-01    0.0000E+00
    3.0250E+00    9.6300E-01    0.0000E+00
    3.0500E+00    9.6300E-01    0.0000E+00
    3.0750E+00    9.6300E-01    0.0000E+00
    3.1000E+00    9.6300E-01    0.0000E+00
    3.1250E+00    9.6300E-01    0.0000E+00
    3.1500E+00    9.6300E-01    0.0000E+00
    3.1750E+00    9.6300E-01    0.0000E+00
    3.2000E+00    9.6300E-01    0.0000E+00
    3.2250E+00    9.6300E-01    0.0000E+00
    3.2500E+00    9.6300E-01    0.0000E+00
    3.2750E+00    9.6300E-01    0.0000E+00
    3.3000E+00    9.6300E-01    0.0000E+00
    3.3250E+00    9.6300E-01    0.0000E+00
    3.3500E+00    9.6300E-01    0.0000E+00
    3.3750E+00    9.6300E-01    0.0000E+00
    3.4000E+00    9.6300E-01    0.0000E+00
    3.4250E+00    9.6300E-01    0.0000E+00
    3.4500E+00    9.6300E-01    0.0000E+00
    3.4750E+00    9.6300E-01    0.0000E+00
    3.5000E+00    9.6300E-01    0.0000E+00
    3.5250E+00    0.0000E+00    0.0000E+00
    3.5500E+00    0.0000E+00    0.0000E+00
    3.5750E+00    0.0000E+00    0.0000E+00
    3.6000E+00    0.0000E+00    4.0000E+00
    3.6250E+00    0.0000E+00    4.0000E+00
    3.6500E+00    0.0000E+00    4.0000E+00
    3.6750E+00    0.0000E+00    4.0000E+00
    3.7000E+00    0.0000E+00    0.0000E+00
    3.7250E+00    0.0000E+00    0.0000E+00
    3.7500E+00    0.0000E+00    0.0000E+00
    3.7750E+00    9.6300E-01    0.0000E+00
    3.8000E+00    9.6300E-01    0.0000E+00
    3.8250E+00    9.6300E-01    0.0000E+00
    3.8500E+00    9.6300E-01    0.0000E+00
    3.8750E+00    9.6300E-01    0.0000E+00
    3.9000E+00    9.6300E-01    0.0000E+00
    3.9250E+00    9.6300E-01    0.0000E+00
    3.9500E+00    9.6300E-01    0.0000E+00
    3.9750E+00    9.6300E-01    0.0000E+00
    4.0000E+00    9.6300E-01    0.0000E+00
    4.0250E+00    9.6300E-01    0.0000E+00
    4.0500E+00    9.6300E-01    0.0000E+00
    4.0750E+00    9.6300E-01    0.0000E+00
    4.1000E+00    9.6300E-01    0.0000E+00
    4.1250E+00    9.6300E-01    0.0000E+00
    4.1500E+00    9.6300E-01    0.0000E+00
    4.1750E+00    9.6300E-01    0.0000E+00
    4.2000E+00    9.6300E-01    0.0000E+00
    4.2250E+00    9.6300E-01    0.0000E+00
    4.2500E+00    9.6300E-01    0.0000E+00
    4.2750E+00    9.6300E-01    0.0000E+00
    4.3000E+00    9.6300E-01    0.0000E+00
    4.3250E+00    9.6300E-01    0.0000E+00
    4.3500E+00    9.6300E-01    0.0000E+00
    4.3750E+00    9.6300E-01    0.0000E+00
    4.4000E+00    9.6300E-01    0.0000E+00
    4.4250E+00    9.6300E-01    0.0000E+00
    4.4500E+00    9.6300E-01    0.0000E+00
    4.4750E+00    9.6300E-01    0.0000E+00
    4.5000E+00    9.6300E-01    0.0000E+00
    4.5250E+00    9.6300E-01    0.0000E+00
    4.5500E+00    9.6300E-01    0.0000E+00
    4.5750E+00    9.6300E-01    0.0000E+00
    4.6000E+00    9.6300E-01    0.0000E+00
    4.6250E+00    9.6300E-01    0.0000E+00
    4.6500E+00    9.6300E-01    0.0000E+00
    4.6750E+00    9.6300E-01    0.0000E+00
    4.7000E+00    9.6300E-01    0.0000E+00
    4.7250E+00    9.6300E-01    0.0000E+00
    4.7500E+00    9.6300E-01    0.0000E+00
    4.7750E+00    9.6300E-01    0.0000E+00
    4.8000E+00    9.6300E-01    0.0000E+00
    4.8250E+00    9.6300E-01    0.0000E+00
    4.8500E+00    9.6300E-01    0.0000E+00
    4.8750E+00    9.6300E-01    0.0000E+00
    4.9000E+00    9.6300E-01    0.0000E+00
    4.9250E+00    9.6300E-01    0.0000E+00
    4.9500E+00    9.6300E-01    0.0000E+00
    4.9750E+00    9.6300E-01    0.0000E+00
    5.0000E+00    9.6300E-01    0.0000E+00
    5.0250E+00    9.6300E-01    0.0000E+00
    5.0500E+00    9.6300E-01    0.0000E+00
    5.0750E+00    9.6300E-01    0.0000E+00
    5.1000E+00    9.6300E-01    0.0000E+00
    5.1250E+00    9.6300E-01    0.0000E+00
    5.1500E+00    9.6300E-01    0.0000E+00
    5.1750E+00    9.6300E-01    0.0000E+00
    5.2000E+00    9.6300E-01    0.0000E+00
    5.2250E+00    9.6300E-01    0.0000E+00
    5.2500E+00    9.6300E-01    0.0000E+00
    5.2750E+00    0.0000E+00    0.0000E+00
    5.3000E+00    0.0000E+00    0.0000E+00
    5.3250E+00    0.0000E+00    0.0000E+00
    5.3500E+00    0.0000E+00    1.0000E+00
    5.3750E+00    0.0000E+00    1.0000E+00
    5.4000E+00    0.0000E+00    1.0000E+00
    5.4250E+00    0.0000E+00    1.0000E+00
    5.4500E+00    0.0000E+00    0.0000E+00
    5.4750E+00    0.0000E+00    0.0000E+00
    5.5000E+00    0.0000E+00    0.0000E+00
    5.5250E+00    9.6300E-01    0.0000E+00
    5.5500E+00    9.6300E-01    0.0000E+00
    5.5750E+00    9.6300E-01    0.0000E+00
    5.6000E+00    9.6300E-01    0.0000E+00
    5.6250E+00    9.6300E-01    0.0000E+00
    5.6500E+00    9.6300E-01    0.0000E+00
    5.6750E+00    9.6300E-01    0.0000E+00
    5.7000E+00    9.6300E-01    0.0000E+00
    5.7250E+00    9.6300E-01    0.0000E+00
    5.7500E+00    9.6300E-01    0.0000E+00
    5.7750E+00    9.6300E-01    0.0000E+00
    5.8000E+00    9.6300E-01    0.0000E+00
    5.8250E+00    9.6300E-01    0.0000E+00
    5.8500E+00    9.6300E-01    0.0000E+00
    5.8750E+00    9.6300E-01    0.0000E+00
    5.9000E+00    9.6300E-01    0.0000E+00
    5.9250E+00    9.6300E-01    0.0000E+00
    5.9500E+00    9.6300E-01    0.0000E+00
    5.9750E+00    9.6300E-01    0.0000E+00
    6.0000E+00    9.6300E-01    0.0000E+00
    6.0250E+00    9.6300E-01    0.0000E+00
    6.0500E+00    9.6300E-01    0.0000E+00
    6.0750E+00    9.6300E-01    0.0000E+00
    6.1000E+00    9.6300E-01    0.0000E+00
    6.1250E+00    9.6300E-01    0.0000E+00
    6.1500E+00    9.6300E-01    0.0000E+00
    6.1750E+00    9.6300E-01    0.0000E+00
    6.2000E+00    9.6300E-01    0.0000E+00
    6.2250E+00    9.6300E-01    0.0000E+00
    6.2500E+00    9.6300E-01    0.0000E+00
    6.2750E+00    9.6300E-01    0.0000E+00
    6.3000E+00    9.6300E-01    0.0000E+00
    6.3250E+00    9.6300E-01    0.0000E+00
    6.3500E+00    9.6300E-01    0.0000E+00
    6.3750E+00    9.6300E-01    0.0000E+00
    6.4000E+00    9.6300E-01    0.0000E+00
    6.4250E+00    9.6300E-01    0.0000E+00
    6.4500E+00    9.6300E-01    0.0000E+00
    6.4750E+00    9.6300E-01    0.0000E+00
    6.5000E+00    9.6300E-01    0.0000E+00
    6.5250E+00    9.6300E-01    0.0000E+00
    6.5500E+00    9.6300E-01    0.0000E+00
    6.5750E+00    9.6300E-01    0.0000E+00
    6.6000E+00    9.6300E-01    0.0000E+00
    6.6250E+00    9.6300E-01    0.0000E+00
    6.6500E+00    9.6300E-01    0.0000E+00
    6.6750E+00    9.6300E-01    0.0000E+00
    6.7000E+00    9.6300E-01    0.0000E+00
    6.7250E+00    9.6300E-01    0.0000E+00
    6.7500E+00    9.6300E-01    0.0000E+00
    6.7750E+00    9.6300E-01    0.0000E+00
    6.8000E+00    9.6300E-01    0.0000E+00
    6.8250E+00    9.6300E-01    0.0000E+00
    6.8500E+00    9.6300E-01    0.0000E+00
    6.8750E+00    9.6300E-01    0.0000E+00
    6.9000E+00    9.6300E-01    0.0000E+00
    6.9250E+00    9.6300E-01    0.0000E+00
    6.9500E+00    9.6300E-01    0.0000E+00
    6.9750E+00    9.6300E-01    0.0000E+00
    7.0000E+00    9.6300E-01    0.0000E+00
    7.0250E+00    0.0000E+00    0.0000E+00
    7.0500E+00    0.0000E+00    0.0000E+00
    7.0750E+00    0.0000E+00    0.0000E+00
    7.1000E+00    0.0000E+00    4.0000E+00
    7.1250E+00    0.0000E+00    4.0000E+00
    7.1500E+00    0.0000E+00    4.0000E+00
    7.1750E+00    0.0000E+00    4.0000E+00
    7.2000E+00    0.0000E+00    0.0000E+00
    7.2250E+00    0.0000E+00    0.0000E+00
    7.2500E+00    0.0000E+00    0.0000E+00
    7.2750E+00    9.6300E-01    0.0000E+00
    7.3000E+00    9.6300E-01    0.0000E+00
    7.3250E+00    9.6300E-01    0.0000E+00
    7.3500E+00    9.6300E-01    0.0000E+00
    7.3750E+00    9.6300E-01    0.0000E+00
    7.4000E+00    9.6300E-01    0.0000E+00
    7.4250E+00    9.6300E-01    0.0000E+00
    7.4500E+00    9.6300E-01    0.0000E+00
    7.4750E+00    9.6300E-01    0.0000E+00
    7.5000E+00    9.6300E-01    0.0000E+00
    7.5250E+00    9.6300E-01    0.0000E+00
    7.5500E+00    9.6300E-01    0.0000E+00
    7.5750E+00    9.6300E-01    0.0000E+00
    7.6000E+00    9.6300E-01    0.0000E+00
    7.6250E+00    9.6300E-01    0.0000E+00
    7.6500E+00    9.6300E-01    0.0000E+00
    7.6750E+00    9.6300E-01    0.0000E+00
    7.7000E+00    9.6300E-01    0.0000E+00
    7.7250E+00    9.6300E-01    0.0000E+00
    7.7500E+00    9.6300E-01    0.0000E+00
    7.7750E+00    9.6300E-01    0.0000E+00
    7.8000E+00    9.6300E-01    0.0000E+00
    7.8250E+00    9.6300E-01    0.0000E+00
    7.8500E+00    9.6300E-01    0.0000E+00
    7.8750E+00    9.6300E-01    0.0000E+00
    7.9000E+00    9.6300E-01    0.0000E+00
    7.9250E+00    9.6300E-01    0.0000E+00
    7.9500E+00    9.6300E-01    0.0000E+00
    7.9750E+00    9.6300E-01    0.0000E+00
    8.0000E+00    9.6300E-01    0.0000E+00
    8.0250E+00    9.6300E-01    0.0000E+00
    8.0500E+00    9.6300E-01    0.0000E+00
    8.0750E+00    9.6300E-01    0.0000E+00
    8.1000E+00    9.6300E-01    0.0000E+00
    8.1250E+00    9.6300E-01    0.0000E+00
    8.1500E+00    9.6300E-01    0.0000E+00
    8.1750E+00    9.6300E-01    0.0000E+00
    8.2000E+00    9.6300E-01    0.0000E+00
    8.2250E+00    9.6300E-01    0.0000E+00
    8.2500E+00    9.6300E-01    0.0000E+00
    8.2750E+00    9.6300E-01    0.0000E+00
    8.3000E+00    9.6300E-01    0.0000E+00
    8.3250E+00    9.6300E-01    0.0000E+00
    8.3500E+00    9.6300E-01    0.0000E+00
    8.3750E+00    9.6300E-01    0.0000E+00
    8.4000E+00    9.6300E-01    0.0000E+00
    8.4250E+00    9.6300E-01    0.0000E+00
    8.4500E+00    9.6300E-01    0.0000E+00
    8.4750E+00    9.6300E-01    0.0000E+00
    8.5000E+00    9.6300E-01    0.0000E+00
    8.5250E+00    9.6300E-01    0.0000E+00
    8.5500E+00    9.6300E-01    0.0000E+00
    8.5750E+00    9.6300E-01    0.0000E+00
    8.6000E+00    9.6300E-01    0.0000E+00
    8.6250E+00    9.6300E-01    0.0000E+00
    8.6500E+00    9.6300E-01    0.0000E+00
    8.6750E+00    9.6300E-01    0.0000E+00
    8.7000E+00    9.6300E-01    0.0000E+00
    8.7250E+00    9.6300E-01    0.0000E+00
    8.7500E+00    9.6300E-01    0.0000E+00
    8.7750E+00    0.0000E+00    0.0000E+00
    8.8000E+00    0.0000E+00    0.0000E+00
    8.8250E+00    0.0000E+00    0.0000E+00
    8.8500E+00    0.0000E+00    1.0000E+00
    8.8750E+00    0.0000E+00    1.0000E+00
    8.9000E+00    0.0000E+00    1.0000E+00
    8.9250E+00    0.0000E+00    1.0000E+00
    8.9500E+00    0.0000E+00    0.0000E+00
    8.9750E+00    0.0000E+00    0.0000E+00
    9.0000E+00    0.0000E+00    0.0000E+00
    9.0250E+00    9.6300E-01    0.0000E+00
    9.0500E+00    9.6300E-01    0.0000E+00
    9.0750E+00    9.6300E-01    0.0000E+00
    9.1000E+00    9.6300E-01    0.0000E+00
    9.1250E+00    9.6300E-01    0.0000E+00
    9.1500E+00    9.6300E-01    0.0000E+00
    9.1750E+00    9.6300E-01    0.0000E+00
    9.2000E+00    9.6300E-01    0.0000E+00
    9.2250E+00    9.6300E-01    0.0000E+00
    9.2500E+00    9.6300E-01    0.0000E+00
    9.2750E+00    9.6300E-01    0.0000E+00
    9.3000E+00    9.6300E-01    0.0000E+00
    9.3250E+00    9.6300E-01    0.0000E+00
    9.3500E+00    9.6300E-01    0.0000E+00
    9.3750E+00    9.6300E-01    0.0000E+00
    9.4000E+00    9.6300E-01    0.0000E+00
    9.4250E+00    9.6300E-01    0.0000E+00
    9.4500E+00    9.6300E-01    0.0000E+00
    9.4750E+00    9.6300E-01    0.0000E+00
    9.5000E+00    9.6300E-01    0.0000E+00
    9.5250E+00    9.6300E-01    0.0000E+00
    9.5500E+00    9.6300E-01    0.0000E+00
    9.5750E+00    9.6300E-01    0.0000E+00
    9.6000E+00    9.6300E-01    0.0000E+00
    9.6250E+00    9.6300E-01    0.0000E+00
    9.6500E+00    9.6300E-01    0.0000E+00
    9.6750E+00    9.6300E-01    0.0000E+00
    9.7000E+00    9.6300E-01    0.0000E+00
    9.7250E+00    9.6300E-01    0.0000E+00
    9.7500E+00    9.6300E-01    0.0000E+00
    9.7750E+00    9.6300E-01    0.0000E+00
    9.8000E+00    9.6300E-01    0.0000E+00
    9.8250E+00    9.6300E-01    0.0000E+00
    9.8500E+00    9.6300E-01    0.0000E+00
    9.8750E+00    9.6300E-01    0.0000E+00
    9.9000E+00    9.6300E-01    0.0000E+00
    9.9250E+00    9.6300E-01    0.0000E+00
    9.9500E+00    9.6300E-01    0.0000E+00
    9.9750E+00    9.6300E-01    0.0000E+00
    1.0000E+01    9.6300E-01    0.0000E+00
    1.0025E+01    9.6300E-01    0.0000E+00
    1.0050E+01    9.6300E-01    0.0000E+00
    1.0075E+01    9.6300E-01    0.0000E+00
    1.0100E+01    9.6300E-01    0.0000E+00
    1.0125E+01    9.6300E-01    0.0000E+00
    1.0150E+01    9.6300E-01    0.0000E+00
    1.0175E+01    9.6300E-01    0.0000E+00
    1.0200E+01    9.6300E-01    0.0000E+00
    1.0225E+01    9.6300E-01    0.0000E+00
    1.0250E+01    9.6300E-01    0.0000E+00
    1.0275E+01    9.6300E-01    0.0000E+00
    1.0300E+01    9.6300E-01    0.0000E+00
    1.0325E+01    9.6300E-01    0.0000E+00
    1.0350E+01    9.6300E-01    0.0000E+00
    1.0375E+01    9.6300E-01    0.0000E+00
    1.0400E+01    9.6300E-01    0.0000E+00
    1.0425E+01    9.6300E-01    0.0000E+00
    1.0450E+01    9.6300E-01    0.0000E+00
    1.0475E+01    9.6300E-01    0.0000E+00
    1.0500E+01    9.6300E-01    0.0000E+00

********** output: slice     1
           =================
     1.2000E+02 current


    power         phi_mid       r_size        bunching      xrms          yrms          e-spread      3rd_bunchi    3rd_power     3rd_phase     3rd_p-mid 
    1.0000E-02    0.0000E+00    1.3529E-04    6.2858E-03    2.2934E-04    1.2372E-04    3.2603E-02    0.0000E+00    0.0000E+00    0.0000E+00    0.0000E+00
    1.0000E-02   -4.9546E-02    1.3545E-04    6.3697E-03    2.2967E-04    1.2037E-04    3.2603E-02    0.0000E+00    0.0000E+00    0.0000E+00    0.0000E+00
    1.0000E-02   -9.8864E-02    1.3595E-04    6.4595E-03    2.3001E-04    1.1704E-04    3.2603E-02    0.0000E+00    0.0000E+00    0.0000E+00    0.0000E+00
    1.0000E-02   -1.4773E-01    1.3678E-04    6.5546E-03    2.3035E-04    1.1372E-04    3.2603E-02    0.0000E+00    0.0000E+00    0.0000E+00    0.0000E+00
    1.0000E-02   -1.9593E-01    1.3792E-04    6.6375E-03    2.3016E-04    1.1068E-04    3.2603E-02    0.0000E+00    0.0000E+00    0.0000E+00    0.0000E+00
    1.0000E-02   -2.4327E-01    1.3939E-04    6.6862E-03    2.2894E-04    1.0815E-04    3.2603E-02    0.0000E+00    0.0000E+00    0.0000E+00    0.0000E+00
    1.0000E-02   -2.8957E-01    1.4115E-04    6.6933E-03    2.2668E-04    1.0613E-04    3.2603E-02    0.0000E+00    0.0000E+00    0.0000E+00    0.0000E+00
    1.0000E-02   -3.3469E-01    1.4321E-04    6.6494E-03    2.2339E-04    1.0462E-04    3.2603E-02    0.0000E+00    0.0000E+00    0.0000E+00    0.0000E+00
    1.0000E-02   -3.7848E-01    1.4555E-04    6.5722E-03    2.1959E-04    1.0336E-04    3.2603E-02    0.0000E+00    0.0000E+00    0.0000E+00    0.0000E+00
    1.0000E-02   -4.2086E-01    1.4815E-04    6.4892E-03    2.1580E-04    1.0212E-04    3.2603E-02    0.0000E+00    0.0000E+00    0.0000E+00    0.0000E+00
    1.0000E-02   -4.6174E-01    1.5101E-04    6.4017E-03    2.1201E-04    1.0091E-04    3.2603E-02    0.0000E+00    0.0000E+00    0.0000E+00    0.0000E+00
    3.0047E+02   -1.6258E+00    2.3260E-04    6.3592E-03    2.0822E-04    9.9697E-05    3.2603E-02    0.0000E+00    0.0000E+00    0.0000E+00    0.0000E+00
    7.0502E+02   -2.4507E+00    2.3382E-04    6.3159E-03    2.0444E-04    9.8476E-05    3.2602E-02    0.0000E+00    0.0000E+00    0.0000E+00    0.0000E+00
    1.0538E+03   -2.0675E+00    2.3669E-04    6.2729E-03    2.0065E-04    9.7244E-05    3.2603E-02    0.0000E+00    0.0000E+00    0.0000E+00    0.0000E+00
    1.4194E+03   -2.5309E+00    2.3639E-04    6.2315E-03    1.9688E-04    9.6004E-05    3.2604E-02    0.0000E+00    0.0000E+00    0.0000E+00    0.0000E+00
    1.7627E+03   -3.1005E+00    2.3637E-04    6.1932E-03    1.9310E-04    9.4756E-05    3.2606E-02    0.0000E+00    0.0000E+00    0.0000E+00    0.0000E+00
    2.0679E+03   -3.0903E+00    2.3549E-04    6.1591E-03    1.8933E-04    9.3502E-05    3.2608E-02    0.0000E+00    0.0000E+00    0.0000E+00    0.0000E+00
    2.3352E+03    3.0947E+00    2.3536E-04    6.1305E-03    1.8556E-04    9.2244E-05    3.2610E-02    0.0000E+00    0.0000E+00    0.0000E+00    0.0000E+00
    2.5960E+03    2.8969E+00    2.3551E-04    6.1085E-03    1.8179E-04    9.0983E-05    3.2612E-02    0.0000E+00    0.0000E+00    0.0000E+00    0.0000E+00
    2.8441E+03    2.6706E+00    2.3556E-04    6.0941E-03    1.7803E-04    8.9721E-05    3.2614E-02    0.0000E+00    0.0000E+00    0.0000E+00    0.0000E+00
    3.1001E+03    2.4418E+00    2.3503E-04    6.0882E-03    1.7427E-04    8.8460E-05    3.2617E-02    0.0000E+00    0.0000E+00    0.0000E+00    0.0000E+00
    3.3721E+03    2.2469E+00    2.3414E-04    6.0916E-03    1.7052E-04    8.7201E-05    3.2622E-02    0.0000E+00    0.0000E+00    0.0000E+00    0.0000E+00
    3.6559E+03    2.0825E+00    2.3358E-04    6.1048E-03    1.6677E-04    8.5947E-05    3.2627E-02    0.0000E+00    0.0000E+00    0.0000E+00    0.0000E+00
    3.9730E+03    1.9721E+00    2.3268E-04    6.1283E-03    1.6302E-04    8.4699E-05    3.2635E-02    0.0000E+00    0.0000E+00    0.0000E+00    0.0000E+00
    4.3001E+03    1.9464E+00    2.3176E-04    6.1622E-03    1.5929E-04    8.3460E-05    3.2645E-02    0.0000E+00    0.0000E+00    0.0000E+00    0.0000E+00
    4.6213E+03    1.9132E+00    2.3102E-04    6.2067E-03    1.5556E-04    8.2232E-05    3.2656E-02    0.0000E+00    0.0000E+00    0.0000E+00    0.0000E+00
    4.9320E+03    1.9962E+00    2.3110E-04    6.2618E-03    1.5183E-04    8.1016E-05    3.2670E-02    0.0000E+00    0.0000E+00    0.0000E+00    0.0000E+00
    5.2308E+03    1.9039E+00    2.3160E-04    6.3273E-03    1.4811E-04    7.9816E-05    3.2687E-02    0.0000E+00    0.0000E+00    0.0000E+00    0.0000E+00
    5.5046E+03    1.9436E+00    2.3285E-04    6.4028E-03    1.4440E-04    7.8633E-05    3.2706E-02    0.0000E+00    0.0000E+00    0.0000E+00    0.0000E+00
    5.7427E+03    1.9754E+00    2.3505E-04    6.4881E-03    1.4070E-04    7.7471E-05    3.2729E-02    0.0000E+00    0.0000E+00    0.0000E+00    0.0000E+00
    5.9512E+03    1.9787E+00    2.3799E-04    6.5827E-03    1.3700E-04    7.6332E-05    3.2756E-02    0.0000E+00    0.0000E+00    0.0000E+00    0.0000E+00
    6.1372E+03    2.0281E+00    2.4176E-04    6.6863E-03    1.3331E-04    7.5218E-05    3.2785E-02    0.0000E+00    0.0000E+00    0.0000E+00    0.0000E+00
    6.3212E+03    2.0790E+00    2.4608E-04    6.7984E-03    1.2964E-04    7.4132E-05    3.2817E-02    0.0000E+00    0.0000E+00    0.0000E+00    0.0000E+00
    6.4999E+03    2.0491E+00    2.5052E-04    6.9186E-03    1.2597E-04    7.3077E-05    3.2853E-02    0.0000E+00    0.0000E+00    0.0000E+00    0.0000E+00
    6.6719E+03    2.0048E+00    2.5504E-04    7.0467E-03    1.2232E-04    7.2057E-05    3.2892E-02    0.0000E+00    0.0000E+00    0.0000E+00    0.0000E+00
    6.8345E+03    1.9878E+00    2.5967E-04    7.1824E-03    1.1868E-04    7.1073E-05    3.2935E-02    0.0000E+00    0.0000E+00    0.0000E+00    0.0000E+00
    6.9874E+03    1.9811E+00    2.6451E-04    7.3256E-03    1.1506E-04    7.0129E-05    3.2981E-02    0.0000E+00    0.0000E+00    0.0000E+00    0.0000E+00
    7.1426E+03    1.9466E+00    2.6942E-04    7.4764E-03    1.1145E-04    6.9227E-05    3.3031E-02    0.0000E+00    0.0000E+00    0.0000E+00    0.0000E+00
    7.2954E+03    1.9283E+00    2.7431E-04    7.6346E-03    1.0785E-04    6.8372E-05    3.3084E-02    0.0000E+00    0.0000E+00    0.0000E+00    0.0000E+00
    7.4474E+03    1.8804E+00    2.7924E-04    7.8006E-03    1.0428E-04    6.7565E-05    3.3141E-02    0.0000E+00    0.0000E+00    0.0000E+00    0.0000E+00
    7.6029E+03    1.8417E+00    2.8417E-04    7.9745E-03    1.0073E-04    6.6810E-05    3.3202E-02    0.0000E+00    0.0000E+00    0.0000E+00    0.0000E+00
    7.7565E+03    1.7928E+00    2.8912E-04    8.1567E-03    9.7197E-05    6.6110E-05    3.3266E-02    0.0000E+00    0.0000E+00    0.0000E+00    0.0000E+00
    7.8971E+03    1.7076E+00    2.9424E-04    8.3475E-03    9.3693E-05    6.5467E-05    3.3336E-02    0.0000E+00    0.0000E+00    0.0000E+00    0.0000E+00
    8.0430E+03    1.6327E+00    2.9931E-04    8.5474E-03    9.0219E-05    6.4883E-05    3.3409E-02    0.0000E+00    0.0000E+00    0.0000E+00    0.0000E+00
    8.1851E+03    1.5743E+00    3.0445E-04    8.7569E-03    8.6776E-05    6.4363E-05    3.3487E-02    0.0000E+00    0.0000E+00    0.0000E+00    0.0000E+00
    8.3226E+03    1.5388E+00    3.0962E-04    8.9764E-03    8.3371E-05    6.3906E-05    3.3570E-02    0.0000E+00    0.0000E+00    0.0000E+00    0.0000E+00
    8.4509E+03    1.4989E+00    3.1494E-04    9.2064E-03    8.0006E-05    6.3517E-05    3.3658E-02    0.0000E+00    0.0000E+00    0.0000E+00    0.0000E+00
    8.5786E+03    1.5089E+00    3.2028E-04    9.4476E-03    7.6688E-05    6.3195E-05    3.3751E-02    0.0000E+00    0.0000E+00    0.0000E+00    0.0000E+00
    8.7098E+03    1.5617E+00    3.2555E-04    9.7004E-03    7.3423E-05    6.2944E-05    3.3850E-02    0.0000E+00    0.0000E+00    0.0000E+00    0.0000E+00
    8.8367E+03    1.5588E+00    3.3085E-04    9.9653E-03    7.0218E-05    6.2764E-05    3.3955E-02    0.0000E+00    0.0000E+00    0.0000E+00    0.0000E+00
    8.9587E+03    1.5971E+00    3.3622E-04    1.0243E-02    6.7082E-05    6.2656E-05    3.4067E-02    0.0000E+00    0.0000E+00    0.0000E+00    0.0000E+00
    9.0842E+03    1.5841E+00    3.4150E-04    1.0533E-02    6.4024E-05    6.2620E-05    3.4185E-02    0.0000E+00    0.0000E+00    0.0000E+00    0.0000E+00
    9.2173E+03    1.5618E+00    3.4660E-04    1.0838E-02    6.1058E-05    6.2657E-05    3.4310E-02    0.0000E+00    0.0000E+00    0.0000E+00    0.0000E+00
    9.3512E+03    1.6168E+00    3.5165E-04    1.1156E-02    5.8196E-05    6.2767E-05    3.4443E-02    0.0000E+00    0.0000E+00    0.0000E+00    0.0000E+00
    9.4725E+03    1.6667E+00    3.5691E-04    1.1488E-02    5.5455E-05    6.2948E-05    3.4585E-02    0.0000E+00    0.0000E+00    0.0000E+00    0.0000E+00
    9.6183E+03    1.7256E+00    3.6166E-04    1.1834E-02    5.2854E-05    6.3201E-05    3.4734E-02    0.0000E+00    0.0000E+00    0.0000E+00    0.0000E+00
    9.7787E+03    1.8380E+00    3.6603E-04    1.2196E-02    5.0415E-05    6.3524E-05    3.4893E-02    0.0000E+00    0.0000E+00    0.0000E+00    0.0000E+00
    9.9550E+03    1.9180E+00    3.6998E-04    1.2572E-02    4.8161E-05    6.3915E-05    3.5062E-02    0.0000E+00    0.0000E+00    0.0000E+00    0.0000E+00
    1.0145E+04    1.9862E+00    3.7353E-04    1.2963E-02    4.6120E-05    6.4372E-05    3.5243E-02    0.0000E+00    0.0000E+00    0.0000E+00    0.0000E+00
    1.0349E+04    2.0640E+00    3.7667E-04    1.3369E-02    4.4322E-05    6.4895E-05    3.5435E-02    0.0000E+00    0.0000E+00    0.0000E+00    0.0000E+00
    1.0550E+04    2.0757E+00    3.7968E-04    1.3790E-02    4.2797E-05    6.5479E-05    3.5641E-02    0.0000E+00    0.0000E+00    0.0000E+00    0.0000E+00
    1.0748E+04    2.1400E+00    3.8255E-04    1.4226E-02    4.1575E-05    6.6123E-05    3.5859E-02    0.0000E+00    0.0000E+00    0.0000E+00    0.0000E+00
    1.0939E+04    2.2111E+00    3.8534E-04    1.4677E-02    4.0684E-05    6.6825E-05    3.6092E-02    0.0000E+00    0.0000E+00    0.0000E+00    0.0000E+00
    1.1106E+04    2.2442E+00    3.8831E-04    1.5142E-02    4.0146E-05    6.7581E-05    3.6338E-02    0.0000E+00    0.0000E+00    0.0000E+00    0.0000E+00
    1.1281E+04    2.3133E+00    3.9092E-04    1.5622E-02    3.9974E-05    6.8389E-05    3.6599E-02    0.0000E+00    0.0000E+00    0.0000E+00    0.0000E+00
    1.1454E+04    2.3602E+00    3.9335E-04    1.6115E-02    4.0174E-05    6.9245E-05    3.6875E-02    0.0000E+00    0.0000E+00    0.0000E+00    0.0000E+00
    1.1618E+04    2.3904E+00    3.9572E-04    1.6622E-02    4.0740E-05    7.0147E-05    3.7164E-02    0.0000E+00    0.0000E+00    0.0000E+00    0.0000E+00
    1.1775E+04    2.4307E+00    3.9802E-04    1.7142E-02    4.1658E-05    7.1092E-05    3.7465E-02    0.0000E+00    0.0000E+00    0.0000E+00    0.0000E+00
    1.1920E+04    2.4376E+00    4.0035E-04    1.7675E-02    4.2904E-05    7.2077E-05    3.7778E-02    0.0000E+00    0.0000E+00    0.0000E+00    0.0000E+00
    1.2015E+04    2.5509E+00    4.0331E-04    1.8219E-02    4.4450E-05    7.3098E-05    3.8101E-02    0.0000E+00    0.0000E+00    0.0000E+00    0.0000E+00
    1.2088E+04    2.6033E+00    4.0647E-04    1.8774E-02    4.6268E-05    7.4153E-05    3.8433E-02    0.0000E+00    0.0000E+00    0.0000E+00    0.0000E+00
    1.2088E+04    2.6266E+00    4.1096E-04    1.9339E-02    4.8326E-05    7.5253E-05    3.8433E-02    0.0000E+00    0.0000E+00    0.0000E+00    0.0000E+00
    1.2088E+04    2.6023E+00    4.1551E-04    1.9895E-02    5.0595E-05    7.6407E-05    3.8433E-02    0.0000E+00    0.0000E+00    0.0000E+00    0.0000E+00
    1.2088E+04    2.2979E+00    4.2011E-04    2.0443E-02    5.3048E-05    7.7613E-05    3.8433E-02    0.0000E+00    0.0000E+00    0.0000E+00    0.0000E+00
    1.2088E+04    2.1809E+00    4.2477E-04    2.0980E-02    5.5630E-05    7.8913E-05    3.8433E-02    0.0000E+00    0.0000E+00    0.0000E+00    0.0000E+00
    1.2088E+04    2.1365E+00    4.2947E-04    2.1504E-02    5.8287E-05    8.0350E-05    3.8433E-02    0.0000E+00    0.0000E+00    0.0000E+00    0.0000E+00
    1.2088E+04    2.1179E+00    4.3424E-04    2.2015E-02    6.0999E-05    8.1923E-05    3.8433E-02    0.0000E+00    0.0000E+00    0.0000E+00    0.0000E+00
    1.2088E+04    2.0453E+00    4.3910E-04    2.2511E-02    6.3746E-05    8.3631E-05    3.8433E-02    0.0000E+00    0.0000E+00    0.0000E+00    0.0000E+00
    1.2088E+04    1.9795E+00    4.4409E-04    2.2996E-02    6.6550E-05    8.5426E-05    3.8433E-02    0.0000E+00    0.0000E+00    0.0000E+00    0.0000E+00
    1.2088E+04    1.9438E+00    4.4920E-04    2.3472E-02    6.9435E-05    8.7259E-05    3.8433E-02    0.0000E+00    0.0000E+00    0.0000E+00    0.0000E+00
    1.2088E+04    1.9240E+00    4.5444E-04    2.3939E-02    7.2390E-05    8.9126E-05    3.8433E-02    0.0000E+00    0.0000E+00    0.0000E+00    0.0000E+00
    1.1616E+04    2.2916E+00    4.6837E-04    2.4383E-02    7.5409E-05    9.1011E-05    3.8576E-02    0.0000E+00    0.0000E+00    0.0000E+00    0.0000E+00
    1.1319E+04    2.2097E+00    4.7941E-04    2.4828E-02    7.8483E-05    9.2894E-05    3.8718E-02    0.0000E+00    0.0000E+00    0.0000E+00    0.0000E+00
    1.1097E+04    2.2191E+00    4.8904E-04    2.5275E-02    8.1606E-05    9.4774E-05    3.8859E-02    0.0000E+00    0.0000E+00    0.0000E+00    0.0000E+00
    1.0953E+04    2.7001E+00    4.9713E-04    2.5723E-02    8.4774E-05    9.6648E-05    3.9001E-02    0.0000E+00    0.0000E+00    0.0000E+00    0.0000E+00
    1.0918E+04    2.9158E+00    5.0294E-04    2.6175E-02    8.7980E-05    9.8514E-05    3.9146E-02    0.0000E+00    0.0000E+00    0.0000E+00    0.0000E+00
    1.0999E+04    3.0895E+00    5.0624E-04    2.6629E-02    9.1221E-05    1.0037E-04    3.9296E-02    0.0000E+00    0.0000E+00    0.0000E+00    0.0000E+00
    1.1193E+04   -3.1146E+00    5.0717E-04    2.7088E-02    9.4494E-05    1.0221E-04    3.9453E-02    0.0000E+00    0.0000E+00    0.0000E+00    0.0000E+00
    1.1473E+04   -3.0782E+00    5.0647E-04    2.7553E-02    9.7795E-05    1.0404E-04    3.9615E-02    0.0000E+00    0.0000E+00    0.0000E+00    0.0000E+00
    1.1821E+04   -3.0207E+00    5.0463E-04    2.8024E-02    1.0112E-04    1.0585E-04    3.9784E-02    0.0000E+00    0.0000E+00    0.0000E+00    0.0000E+00
    1.2234E+04   -2.9862E+00    5.0189E-04    2.8504E-02    1.0447E-04    1.0765E-04    3.9960E-02    0.0000E+00    0.0000E+00    0.0000E+00    0.0000E+00
    1.2695E+04   -2.9593E+00    4.9863E-04    2.8994E-02    1.0784E-04    1.0943E-04    4.0143E-02    0.0000E+00    0.0000E+00    0.0000E+00    0.0000E+00
    1.3192E+04   -2.8998E+00    4.9518E-04    2.9494E-02    1.1123E-04    1.1118E-04    4.0333E-02    0.0000E+00    0.0000E+00    0.0000E+00    0.0000E+00
    1.3727E+04   -2.8575E+00    4.9158E-04    3.0006E-02    1.1464E-04    1.1292E-04    4.0530E-02    0.0000E+00    0.0000E+00    0.0000E+00    0.0000E+00
    1.4297E+04   -2.8375E+00    4.8797E-04    3.0531E-02    1.1806E-04    1.1463E-04    4.0735E-02    0.0000E+00    0.0000E+00    0.0000E+00    0.0000E+00
    1.4889E+04   -2.7780E+00    4.8460E-04    3.1071E-02    1.2150E-04    1.1631E-04    4.0946E-02    0.0000E+00    0.0000E+00    0.0000E+00    0.0000E+00
    1.5514E+04   -2.7440E+00    4.8125E-04    3.1626E-02    1.2495E-04    1.1797E-04    4.1164E-02    0.0000E+00    0.0000E+00    0.0000E+00    0.0000E+00
    1.6159E+04   -2.7354E+00    4.7814E-04    3.2196E-02    1.2841E-04    1.1960E-04    4.1389E-02    0.0000E+00    0.0000E+00    0.0000E+00    0.0000E+00
    1.6824E+04   -2.6971E+00    4.7529E-04    3.2784E-02    1.3188E-04    1.2121E-04    4.1621E-02    0.0000E+00    0.0000E+00    0.0000E+00    0.0000E+00
    1.7514E+04   -2.6617E+00    4.7261E-04    3.3388E-02    1.3537E-04    1.2278E-04    4.1858E-02    0.0000E+00    0.0000E+00    0.0000E+00    0.0000E+00
    1.8207E+04   -2.6316E+00    4.7035E-04    3.4010E-02    1.3886E-04    1.2433E-04    4.2102E-02    0.0000E+00    0.0000E+00    0.0000E+00    0.0000E+00
    1.8906E+04   -2.5953E+00    4.6845E-04    3.4650E-02    1.4236E-04    1.2584E-04    4.2352E-02    0.0000E+00    0.0000E+00    0.0000E+00    0.0000E+00
    1.9618E+04   -2.5614E+00    4.6683E-04    3.5307E-02    1.4587E-04    1.2732E-04    4.2608E-02    0.0000E+00    0.0000E+00    0.0000E+00    0.0000E+00
    2.0347E+04   -2.5176E+00    4.6539E-04    3.5982E-02    1.4939E-04    1.2876E-04    4.2869E-02    0.0000E+00    0.0000E+00    0.0000E+00    0.0000E+00
    2.1083E+04   -2.4858E+00    4.6425E-04    3.6674E-02    1.5292E-04    1.3018E-04    4.3137E-02    0.0000E+00    0.0000E+00    0.0000E+00    0.0000E+00
    2.1837E+04   -2.4447E+00    4.6326E-04    3.7383E-02    1.5645E-04    1.3155E-04    4.3410E-02    0.0000E+00    0.0000E+00    0.0000E+00    0.0000E+00
    2.2588E+04   -2.3995E+00    4.6256E-04    3.8109E-02    1.5999E-04    1.3289E-04    4.3688E-02    0.0000E+00    0.0000E+00    0.0000E+00    0.0000E+00
    2.3337E+04   -2.3784E+00    4.6215E-04    3.8850E-02    1.6353E-04    1.3420E-04    4.3971E-02    0.0000E+00    0.0000E+00    0.0000E+00    0.0000E+00
    2.4098E+04   -2.3813E+00    4.6188E-04    3.9605E-02    1.6708E-04    1.3546E-04    4.4261E-02    0.0000E+00    0.0000E+00    0.0000E+00    0.0000E+00
    2.4860E+04   -2.3473E+00    4.6181E-04    4.0375E-02    1.7063E-04    1.3669E-04    4.4555E-02    0.0000E+00    0.0000E+00    0.0000E+00    0.0000E+00
    2.5635E+04   -2.3015E+00    4.6191E-04    4.1157E-02    1.7419E-04    1.3788E-04    4.4854E-02    0.0000E+00    0.0000E+00    0.0000E+00    0.0000E+00
    2.6421E+04   -2.2864E+00    4.6217E-04    4.1951E-02    1.7776E-04    1.3903E-04    4.5158E-02    0.0000E+00    0.0000E+00    0.0000E+00    0.0000E+00
    2.7215E+04   -2.2454E+00    4.6260E-04    4.2756E-02    1.8133E-04    1.4014E-04    4.5466E-02    0.0000E+00    0.0000E+00    0.0000E+00    0.0000E+00
    2.8017E+04   -2.1721E+00    4.6311E-04    4.3571E-02    1.8490E-04    1.4121E-04    4.5779E-02    0.0000E+00    0.0000E+00    0.0000E+00    0.0000E+00
    2.8823E+04   -2.1681E+00    4.6377E-04    4.4394E-02    1.8847E-04    1.4224E-04    4.6097E-02    0.0000E+00    0.0000E+00    0.0000E+00    0.0000E+00
    2.9612E+04   -2.1195E+00    4.6468E-04    4.5225E-02    1.9205E-04    1.4322E-04    4.6420E-02    0.0000E+00    0.0000E+00    0.0000E+00    0.0000E+00
    3.0421E+04   -2.0899E+00    4.6557E-04    4.6062E-02    1.9564E-04    1.4417E-04    4.6746E-02    0.0000E+00    0.0000E+00    0.0000E+00    0.0000E+00
    3.1248E+04   -2.0924E+00    4.6644E-04    4.6904E-02    1.9922E-04    1.4507E-04    4.7078E-02    0.0000E+00    0.0000E+00    0.0000E+00    0.0000E+00
    3.2071E+04   -2.0339E+00    4.6738E-04    4.7751E-02    2.0281E-04    1.4592E-04    4.7414E-02    0.0000E+00    0.0000E+00    0.0000E+00    0.0000E+00
    3.2891E+04   -1.9757E+00    4.6843E-04    4.8601E-02    2.0640E-04    1.4674E-04    4.7754E-02    0.0000E+00    0.0000E+00    0.0000E+00    0.0000E+00
    3.3716E+04   -1.9549E+00    4.6953E-04    4.9453E-02    2.1000E-04    1.4751E-04    4.8099E-02    0.0000E+00    0.0000E+00    0.0000E+00    0.0000E+00
    3.4549E+04   -1.9466E+00    4.7068E-04    5.0308E-02    2.1360E-04    1.4823E-04    4.8448E-02    0.0000E+00    0.0000E+00    0.0000E+00    0.0000E+00
    3.5384E+04   -1.8960E+00    4.7186E-04    5.1163E-02    2.1720E-04    1.4891E-04    4.8801E-02    0.0000E+00    0.0000E+00    0.0000E+00    0.0000E+00
    3.6242E+04   -1.8637E+00    4.7292E-04    5.2019E-02    2.2080E-04    1.4955E-04    4.9157E-02    0.0000E+00    0.0000E+00    0.0000E+00    0.0000E+00
    3.7112E+04   -1.8439E+00    4.7387E-04    5.2874E-02    2.2440E-04    1.5014E-04    4.9518E-02    0.0000E+00    0.0000E+00    0.0000E+00    0.0000E+00
    3.7976E+04   -1.7897E+00    4.7481E-04    5.3730E-02    2.2801E-04    1.5068E-04    4.9883E-02    0.0000E+00    0.0000E+00    0.0000E+00    0.0000E+00
    3.8841E+04   -1.7533E+00    4.7577E-04    5.4584E-02    2.3162E-04    1.5118E-04    5.0251E-02    0.0000E+00    0.0000E+00    0.0000E+00    0.0000E+00
    3.9716E+04   -1.7038E+00    4.7670E-04    5.5437E-02    2.3523E-04    1.5163E-04    5.0623E-02    0.0000E+00    0.0000E+00    0.0000E+00    0.0000E+00
    4.0608E+04   -1.6715E+00    4.7755E-04    5.6288E-02    2.3884E-04    1.5203E-04    5.0999E-02    0.0000E+00    0.0000E+00    0.0000E+00    0.0000E+00
    4.1517E+04   -1.6727E+00    4.7831E-04    5.7138E-02    2.4245E-04    1.5239E-04    5.1379E-02    0.0000E+00    0.0000E+00    0.0000E+00    0.0000E+00
    4.2425E+04   -1.6296E+00    4.7902E-04    5.7987E-02    2.4607E-04    1.5270E-04    5.1763E-02    0.0000E+00    0.0000E+00    0.0000E+00    0.0000E+00
    4.3336E+04   -1.5718E+00    4.7970E-04    5.8833E-02    2.4968E-04    1.5296E-04    5.2151E-02    0.0000E+00    0.0000E+00    0.0000E+00    0.0000E+00
    4.4237E+04   -1.5486E+00    4.8035E-04    5.9678E-02    2.5330E-04    1.5318E-04    5.2542E-02    0.0000E+00    0.0000E+00    0.0000E+00    0.0000E+00
    4.5142E+04   -1.5284E+00    4.8099E-04    6.0521E-02    2.5692E-04    1.5335E-04    5.2937E-02    0.0000E+00    0.0000E+00    0.0000E+00    0.0000E+00
    4.6063E+04   -1.4767E+00    4.8153E-04    6.1363E-02    2.6055E-04    1.5347E-04    5.3336E-02    0.0000E+00    0.0000E+00    0.0000E+00    0.0000E+00
    4.6994E+04   -1.4498E+00    4.8202E-04    6.2203E-02    2.6417E-04    1.5354E-04    5.3739E-02    0.0000E+00    0.0000E+00    0.0000E+00    0.0000E+00
    4.7924E+04   -1.4273E+00    4.8246E-04    6.3042E-02    2.6779E-04    1.5357E-04    5.4145E-02    0.0000E+00    0.0000E+00    0.0000E+00    0.0000E+00
    4.8859E+04   -1.3886E+00    4.8281E-04    6.3879E-02    2.7142E-04    1.5355E-04    5.4555E-02    0.0000E+00    0.0000E+00    0.0000E+00    0.0000E+00
    4.9799E+04   -1.3773E+00    4.8310E-04    6.4714E-02    2.7504E-04    1.5348E-04    5.4969E-02    0.0000E+00    0.0000E+00    0.0000E+00    0.0000E+00
    5.0733E+04   -1.3413E+00    4.8332E-04    6.5548E-02    2.7867E-04    1.5336E-04    5.5386E-02    0.0000E+00    0.0000E+00    0.0000E+00    0.0000E+00
    5.1675E+04   -1.3038E+00    4.8346E-04    6.6381E-02    2.8230E-04    1.5320E-04    5.5807E-02    0.0000E+00    0.0000E+00    0.0000E+00    0.0000E+00
    5.1675E+04   -1.3530E+00    4.8714E-04    6.7317E-02    2.8593E-04    1.5302E-04    5.5807E-02    0.0000E+00    0.0000E+00    0.0000E+00    0.0000E+00
    5.1675E+04   -1.3309E+00    4.9079E-04    6.8244E-02    2.8956E-04    1.5284E-04    5.5807E-02    0.0000E+00    0.0000E+00    0.0000E+00    0.0000E+00
    5.1675E+04   -1.3641E+00    4.9440E-04    6.9160E-02    2.9319E-04    1.5267E-04    5.5807E-02    0.0000E+00    0.0000E+00    0.0000E+00    0.0000E+00
    5.1675E+04   -1.3835E+00    4.9798E-04    7.0072E-02    2.9616E-04    1.5285E-04    5.5807E-02    0.0000E+00    0.0000E+00    0.0000E+00    0.0000E+00
    5.1675E+04   -1.4228E+00    5.0151E-04    7.0977E-02    2.9778E-04    1.5373E-04    5.5807E-02    0.0000E+00    0.0000E+00    0.0000E+00    0.0000E+00
    5.1675E+04   -1.4724E+00    5.0502E-04    7.1854E-02    2.9805E-04    1.5532E-04    5.5807E-02    0.0000E+00    0.0000E+00    0.0000E+00    0.0000E+00
    5.1675E+04   -1.5268E+00    5.0850E-04    7.2675E-02    2.9698E-04    1.5762E-04    5.5807E-02    0.0000E+00    0.0000E+00    0.0000E+00    0.0000E+00
    5.1675E+04   -1.5501E+00    5.1196E-04    7.3456E-02    2.9522E-04    1.6028E-04    5.5807E-02    0.0000E+00    0.0000E+00    0.0000E+00    0.0000E+00
    5.1675E+04   -1.5879E+00    5.1539E-04    7.4232E-02    2.9347E-04    1.6294E-04    5.5807E-02    0.0000E+00    0.0000E+00    0.0000E+00    0.0000E+00
    5.1675E+04   -1.5682E+00    5.1877E-04    7.5003E-02    2.9172E-04    1.6561E-04    5.5807E-02    0.0000E+00    0.0000E+00    0.0000E+00    0.0000E+00
    5.2376E+04   -1.4174E+00    5.1978E-04    7.5615E-02    2.8998E-04    1.6826E-04    5.6194E-02    0.0000E+00    0.0000E+00    0.0000E+00    0.0000E+00
    5.3212E+04   -1.4021E+00    5.2027E-04    7.6224E-02    2.8823E-04    1.7085E-04    5.6585E-02    0.0000E+00    0.0000E+00    0.0000E+00    0.0000E+00
    5.4030E+04   -1.3403E+00    5.2065E-04    7.6830E-02    2.8648E-04    1.7339E-04    5.6978E-02    0.0000E+00    0.0000E+00    0.0000E+00    0.0000E+00
    5.4879E+04   -1.2245E+00    5.2069E-04    7.7434E-02    2.8474E-04    1.7587E-04    5.7374E-02    0.0000E+00    0.0000E+00    0.0000E+00    0.0000E+00
    5.5758E+04   -1.1917E+00    5.2045E-04    7.8039E-02    2.8299E-04    1.7829E-04    5.7774E-02    0.0000E+00    0.0000E+00    0.0000E+00    0.0000E+00
    5.6673E+04   -1.1041E+00    5.1996E-04    7.8644E-02    2.8125E-04    1.8065E-04    5.8176E-02    0.0000E+00    0.0000E+00    0.0000E+00    0.0000E+00
    5.7653E+04   -9.8238E-01    5.1917E-04    7.9252E-02    2.7950E-04    1.8296E-04    5.8582E-02    0.0000E+00    0.0000E+00    0.0000E+00    0.0000E+00
    5.8684E+04   -9.0701E-01    5.1816E-04    7.9864E-02    2.7776E-04    1.8520E-04    5.8991E-02    0.0000E+00    0.0000E+00    0.0000E+00    0.0000E+00
    5.9758E+04   -8.9553E-01    5.1691E-04    8.0481E-02    2.7602E-04    1.8739E-04    5.9405E-02    0.0000E+00    0.0000E+00    0.0000E+00    0.0000E+00
    6.0904E+04   -8.9986E-01    5.1538E-04    8.1106E-02    2.7428E-04    1.8951E-04    5.9822E-02    0.0000E+00    0.0000E+00    0.0000E+00    0.0000E+00
    6.2115E+04   -8.9679E-01    5.1363E-04    8.1740E-02    2.7254E-04    1.9156E-04    6.0243E-02    0.0000E+00    0.0000E+00    0.0000E+00    0.0000E+00
    6.3396E+04   -8.6140E-01    5.1160E-04    8.2385E-02    2.7081E-04    1.9356E-04    6.0669E-02    0.0000E+00    0.0000E+00    0.0000E+00    0.0000E+00
    6.4750E+04   -8.3863E-01    5.0933E-04    8.3043E-02    2.6907E-04    1.9549E-04    6.1100E-02    0.0000E+00    0.0000E+00    0.0000E+00    0.0000E+00
    6.6154E+04   -7.9294E-01    5.0689E-04    8.3714E-02    2.6734E-04    1.9735E-04    6.1534E-02    0.0000E+00    0.0000E+00    0.0000E+00    0.0000E+00
    6.7580E+04   -7.7124E-01    5.0433E-04    8.4401E-02    2.6560E-04    1.9915E-04    6.1974E-02    0.0000E+00    0.0000E+00    0.0000E+00    0.0000E+00
    6.9041E+04   -7.2526E-01    5.0164E-04    8.5105E-02    2.6387E-04    2.0088E-04    6.2419E-02    0.0000E+00    0.0000E+00    0.0000E+00    0.0000E+00
    7.0573E+04   -6.9303E-01    4.9875E-04    8.5826E-02    2.6214E-04    2.0254E-04    6.2871E-02    0.0000E+00    0.0000E+00    0.0000E+00    0.0000E+00
    7.2174E+04   -6.4874E-01    4.9569E-04    8.6567E-02    2.6041E-04    2.0413E-04    6.3329E-02    0.0000E+00    0.0000E+00    0.0000E+00    0.0000E+00
    7.3840E+04   -5.9220E-01    4.9250E-04    8.7327E-02    2.5868E-04    2.0566E-04    6.3795E-02    0.0000E+00    0.0000E+00    0.0000E+00    0.0000E+00
    7.5580E+04   -5.5541E-01    4.8918E-04    8.8108E-02    2.5696E-04    2.0711E-04    6.4268E-02    0.0000E+00    0.0000E+00    0.0000E+00    0.0000E+00
    7.7381E+04   -5.3911E-01    4.8581E-04    8.8910E-02    2.5523E-04    2.0850E-04    6.4748E-02    0.0000E+00    0.0000E+00    0.0000E+00    0.0000E+00
    7.9239E+04   -4.9165E-01    4.8238E-04    8.9733E-02    2.5351E-04    2.0982E-04    6.5237E-02    0.0000E+00    0.0000E+00    0.0000E+00    0.0000E+00
    8.1171E+04   -4.2203E-01    4.7884E-04    9.0577E-02    2.5179E-04    2.1106E-04    6.5734E-02    0.0000E+00    0.0000E+00    0.0000E+00    0.0000E+00
    8.3177E+04   -3.9805E-01    4.7525E-04    9.1442E-02    2.5007E-04    2.1223E-04    6.6241E-02    0.0000E+00    0.0000E+00    0.0000E+00    0.0000E+00
    8.5251E+04   -3.7338E-01    4.7169E-04    9.2327E-02    2.4835E-04    2.1333E-04    6.6758E-02    0.0000E+00    0.0000E+00    0.0000E+00    0.0000E+00
    8.7398E+04   -3.1661E-01    4.6811E-04    9.3232E-02    2.4663E-04    2.1436E-04    6.7284E-02    0.0000E+00    0.0000E+00    0.0000E+00    0.0000E+00
    8.9614E+04   -2.5353E-01    4.6451E-04    9.4156E-02    2.4491E-04    2.1531E-04    6.7820E-02    0.0000E+00    0.0000E+00    0.0000E+00    0.0000E+00
    9.1880E+04   -2.6626E-01    4.6094E-04    9.5098E-02    2.4320E-04    2.1619E-04    6.8366E-02    0.0000E+00    0.0000E+00    0.0000E+00    0.0000E+00
    9.4189E+04   -2.5620E-01    4.5740E-04    9.6056E-02    2.4148E-04    2.1700E-04    6.8924E-02    0.0000E+00    0.0000E+00    0.0000E+00    0.0000E+00
    9.6562E+04   -2.1147E-01    4.5384E-04    9.7030E-02    2.3977E-04    2.1774E-04    6.9492E-02    0.0000E+00    0.0000E+00    0.0000E+00    0.0000E+00
    9.8997E+04   -1.6672E-01    4.5028E-04    9.8018E-02    2.3806E-04    2.1840E-04    7.0072E-02    0.0000E+00    0.0000E+00    0.0000E+00    0.0000E+00
    1.0147E+05   -1.4469E-01    4.4674E-04    9.9018E-02    2.3636E-04    2.1898E-04    7.0665E-02    0.0000E+00    0.0000E+00    0.0000E+00    0.0000E+00
    1.0399E+05   -1.2721E-01    4.4323E-04    1.0003E-01    2.3465E-04    2.1949E-04    7.1269E-02    0.0000E+00    0.0000E+00    0.0000E+00    0.0000E+00
    1.0658E+05   -6.6711E-02    4.3976E-04    1.0105E-01    2.3295E-04    2.1993E-04    7.1885E-02    0.0000E+00    0.0000E+00    0.0000E+00    0.0000E+00
    1.0926E+05   -2.2752E-02    4.3633E-04    1.0208E-01    2.3124E-04    2.2029E-04    7.2514E-02    0.0000E+00    0.0000E+00    0.0000E+00    0.0000E+00
    1.1202E+05   -1.4206E-02    4.3295E-04    1.0312E-01    2.2954E-04    2.2057E-04    7.3156E-02    0.0000E+00    0.0000E+00    0.0000E+00    0.0000E+00
    1.1485E+05   -3.1388E-03    4.2963E-04    1.0416E-01    2.2784E-04    2.2078E-04    7.3811E-02    0.0000E+00    0.0000E+00    0.0000E+00    0.0000E+00
    1.1773E+05    1.4795E-02    4.2638E-04    1.0520E-01    2.2615E-04    2.2092E-04    7.4480E-02    0.0000E+00    0.0000E+00    0.0000E+00    0.0000E+00
    1.2066E+05    5.3256E-02    4.2322E-04    1.0625E-01    2.2445E-04    2.2098E-04    7.5161E-02    0.0000E+00    0.0000E+00    0.0000E+00    0.0000E+00
    1.2361E+05    8.5527E-02    4.2013E-04    1.0730E-01    2.2276E-04    2.2096E-04    7.5856E-02    0.0000E+00    0.0000E+00    0.0000E+00    0.0000E+00
    1.2662E+05    1.2204E-01    4.1709E-04    1.0835E-01    2.2107E-04    2.2087E-04    7.6565E-02    0.0000E+00    0.0000E+00    0.0000E+00    0.0000E+00
    1.2970E+05    1.4339E-01    4.1405E-04    1.0940E-01    2.1938E-04    2.2070E-04    7.7288E-02    0.0000E+00    0.0000E+00    0.0000E+00    0.0000E+00
    1.3282E+05    1.6814E-01    4.1103E-04    1.1045E-01    2.1770E-04    2.2046E-04    7.8026E-02    0.0000E+00    0.0000E+00    0.0000E+00    0.0000E+00
    1.3597E+05    1.9980E-01    4.0806E-04    1.1149E-01    2.1601E-04    2.2014E-04    7.8779E-02    0.0000E+00    0.0000E+00    0.0000E+00    0.0000E+00
    1.3915E+05    2.3179E-01    4.0513E-04    1.1254E-01    2.1433E-04    2.1975E-04    7.9545E-02    0.0000E+00    0.0000E+00    0.0000E+00    0.0000E+00
    1.4236E+05    2.9143E-01    4.0224E-04    1.1358E-01    2.1266E-04    2.1928E-04    8.0327E-02    0.0000E+00    0.0000E+00    0.0000E+00    0.0000E+00
    1.4559E+05    3.4275E-01    3.9938E-04    1.1462E-01    2.1098E-04    2.1874E-04    8.1123E-02    0.0000E+00    0.0000E+00    0.0000E+00    0.0000E+00
    1.4886E+05    3.7952E-01    3.9653E-04    1.1566E-01    2.0931E-04    2.1812E-04    8.1934E-02    0.0000E+00    0.0000E+00    0.0000E+00    0.0000E+00
    1.5216E+05    4.0829E-01    3.9369E-04    1.1670E-01    2.0764E-04    2.1743E-04    8.2761E-02    0.0000E+00    0.0000E+00    0.0000E+00    0.0000E+00
    1.5547E+05    4.5157E-01    3.9089E-04    1.1773E-01    2.0597E-04    2.1667E-04    8.3603E-02    0.0000E+00    0.0000E+00    0.0000E+00    0.0000E+00
    1.5880E+05    4.8893E-01    3.8812E-04    1.1877E-01    2.0430E-04    2.1583E-04    8.4460E-02    0.0000E+00    0.0000E+00    0.0000E+00    0.0000E+00
    1.6217E+05    5.0976E-01    3.8538E-04    1.1980E-01    2.0264E-04    2.1491E-04    8.5333E-02    0.0000E+00    0.0000E+00    0.0000E+00    0.0000E+00
    1.6559E+05    5.5098E-01    3.8263E-04    1.2084E-01    2.0098E-04    2.1393E-04    8.6221E-02    0.0000E+00    0.0000E+00    0.0000E+00    0.0000E+00
    1.6907E+05    5.9428E-01    3.7989E-04    1.2188E-01    1.9932E-04    2.1287E-04    8.7125E-02    0.0000E+00    0.0000E+00    0.0000E+00    0.0000E+00
    1.7262E+05    6.2149E-01    3.7718E-04    1.2292E-01    1.9767E-04    2.1174E-04    8.8046E-02    0.0000E+00    0.0000E+00    0.0000E+00    0.0000E+00
    1.7622E+05    6.4677E-01    3.7449E-04    1.2396E-01    1.9602E-04    2.1053E-04    8.8983E-02    0.0000E+00    0.0000E+00    0.0000E+00    0.0000E+00
    1.7986E+05    6.7134E-01    3.7183E-04    1.2500E-01    1.9437E-04    2.0926E-04    8.9937E-02    0.0000E+00    0.0000E+00    0.0000E+00    0.0000E+00
    1.8354E+05    6.9421E-01    3.6921E-04    1.2606E-01    1.9272E-04    2.0792E-04    9.0908E-02    0.0000E+00    0.0000E+00    0.0000E+00    0.0000E+00
    1.8726E+05    7.1579E-01    3.6661E-04    1.2712E-01    1.9108E-04    2.0650E-04    9.1898E-02    0.0000E+00    0.0000E+00    0.0000E+00    0.0000E+00
    1.9104E+05    7.4391E-01    3.6401E-04    1.2818E-01    1.8945E-04    2.0501E-04    9.2905E-02    0.0000E+00    0.0000E+00    0.0000E+00    0.0000E+00
    1.9104E+05    7.1476E-01    3.6524E-04    1.2968E-01    1.8781E-04    2.0350E-04    9.2905E-02    0.0000E+00    0.0000E+00    0.0000E+00    0.0000E+00
    1.9104E+05    6.9046E-01    3.6655E-04    1.3118E-01    1.8618E-04    2.0198E-04    9.2905E-02    0.0000E+00    0.0000E+00    0.0000E+00    0.0000E+00
    1.9104E+05    6.6343E-01    3.6791E-04    1.3267E-01    1.8455E-04    2.0047E-04    9.2905E-02    0.0000E+00    0.0000E+00    0.0000E+00    0.0000E+00
    1.9104E+05    6.4113E-01    3.6933E-04    1.3416E-01    1.8283E-04    1.9907E-04    9.2905E-02    0.0000E+00    0.0000E+00    0.0000E+00    0.0000E+00
    1.9104E+05    6.3757E-01    3.7081E-04    1.3566E-01    1.8090E-04    1.9790E-04    9.2905E-02    0.0000E+00    0.0000E+00    0.0000E+00    0.0000E+00
    1.9104E+05    6.0626E-01    3.7235E-04    1.3715E-01    1.7876E-04    1.9696E-04    9.2905E-02    0.0000E+00    0.0000E+00    0.0000E+00    0.0000E+00
    1.9104E+05    5.8883E-01    3.7395E-04    1.3864E-01    1.7643E-04    1.9625E-04    9.2905E-02    0.0000E+00    0.0000E+00    0.0000E+00    0.0000E+00
    1.9104E+05    5.5098E-01    3.7561E-04    1.4012E-01    1.7401E-04    1.9565E-04    9.2905E-02    0.0000E+00    0.0000E+00    0.0000E+00    0.0000E+00
    1.9104E+05    5.3245E-01    3.7732E-04    1.4160E-01    1.7158E-04    1.9505E-04    9.2905E-02    0.0000E+00    0.0000E+00    0.0000E+00    0.0000E+00
    1.9104E+05    4.9758E-01    3.7906E-04    1.4306E-01    1.6917E-04    1.9446E-04    9.2905E-02    0.0000E+00    0.0000E+00    0.0000E+00    0.0000E+00
    1.9119E+05    6.0653E-01    3.7994E-04    1.4413E-01    1.6675E-04    1.9383E-04    9.3892E-02    0.0000E+00    0.0000E+00    0.0000E+00    0.0000E+00
    1.9188E+05    7.0805E-01    3.8016E-04    1.4521E-01    1.6435E-04    1.9314E-04    9.4883E-02    0.0000E+00    0.0000E+00    0.0000E+00    0.0000E+00
    1.9305E+05    7.8880E-01    3.7974E-04    1.4630E-01    1.6194E-04    1.9239E-04    9.5878E-02    0.0000E+00    0.0000E+00    0.0000E+00    0.0000E+00
    1.9480E+05    8.8604E-01    3.7863E-04    1.4740E-01    1.5955E-04    1.9157E-04    9.6880E-02    0.0000E+00    0.0000E+00    0.0000E+00    0.0000E+00
    1.9720E+05    9.5416E-01    3.7683E-04    1.4852E-01    1.5716E-04    1.9069E-04    9.7894E-02    0.0000E+00    0.0000E+00    0.0000E+00    0.0000E+00
    2.0031E+05    1.0381E+00    3.7433E-04    1.4965E-01    1.5477E-04    1.8974E-04    9.8924E-02    0.0000E+00    0.0000E+00    0.0000E+00    0.0000E+00
    2.0423E+05    1.1213E+00    3.7114E-04    1.5079E-01    1.5239E-04    1.8873E-04    9.9974E-02    0.0000E+00    0.0000E+00    0.0000E+00    0.0000E+00
    2.0899E+05    1.1699E+00    3.6730E-04    1.5196E-01    1.5002E-04    1.8766E-04    1.0105E-01    0.0000E+00    0.0000E+00    0.0000E+00    0.0000E+00
    2.1457E+05    1.1760E+00    3.6288E-04    1.5314E-01    1.4766E-04    1.8653E-04    1.0215E-01    0.0000E+00    0.0000E+00    0.0000E+00    0.0000E+00
    2.2102E+05    1.1969E+00    3.5800E-04    1.5433E-01    1.4530E-04    1.8533E-04    1.0329E-01    0.0000E+00    0.0000E+00    0.0000E+00    0.0000E+00
    2.2834E+05    1.2451E+00    3.5274E-04    1.5555E-01    1.4295E-04    1.8407E-04    1.0447E-01    0.0000E+00    0.0000E+00    0.0000E+00    0.0000E+00
    2.3653E+05    1.2631E+00    3.4722E-04    1.5678E-01    1.4061E-04    1.8275E-04    1.0568E-01    0.0000E+00    0.0000E+00    0.0000E+00    0.0000E+00
    2.4553E+05    1.2991E+00    3.4153E-04    1.5804E-01    1.3828E-04    1.8138E-04    1.0695E-01    0.0000E+00    0.0000E+00    0.0000E+00    0.0000E+00
    2.5533E+05    1.3267E+00    3.3573E-04    1.5931E-01    1.3595E-04    1.7994E-04    1.0827E-01    0.0000E+00    0.0000E+00    0.0000E+00    0.0000E+00
    2.6587E+05    1.3625E+00    3.2994E-04    1.6061E-01    1.3364E-04    1.7844E-04    1.0963E-01    0.0000E+00    0.0000E+00    0.0000E+00    0.0000E+00
    2.7708E+05    1.4149E+00    3.2420E-04    1.6193E-01    1.3133E-04    1.7688E-04    1.1106E-01    0.0000E+00    0.0000E+00    0.0000E+00    0.0000E+00
    2.8893E+05    1.4430E+00    3.1857E-04    1.6328E-01    1.2904E-04    1.7527E-04    1.1255E-01    0.0000E+00    0.0000E+00    0.0000E+00    0.0000E+00
    3.0140E+05    1.4816E+00    3.1308E-04    1.6465E-01    1.2676E-04    1.7360E-04    1.1409E-01    0.0000E+00    0.0000E+00    0.0000E+00    0.0000E+00
    3.1442E+05    1.5227E+00    3.0776E-04    1.6605E-01    1.2449E-04    1.7187E-04    1.1571E-01    0.0000E+00    0.0000E+00    0.0000E+00    0.0000E+00
    3.2795E+05    1.5630E+00    3.0262E-04    1.6748E-01    1.2223E-04    1.7009E-04    1.1738E-01    0.0000E+00    0.0000E+00    0.0000E+00    0.0000E+00
    3.4192E+05    1.6000E+00    2.9767E-04    1.6893E-01    1.1998E-04    1.6825E-04    1.1913E-01    0.0000E+00    0.0000E+00    0.0000E+00    0.0000E+00
    3.5629E+05    1.6351E+00    2.9294E-04    1.7042E-01    1.1775E-04    1.6635E-04    1.2094E-01    0.0000E+00    0.0000E+00    0.0000E+00    0.0000E+00
    3.7105E+05    1.6733E+00    2.8842E-04    1.7194E-01    1.1553E-04    1.6441E-04    1.2282E-01    0.0000E+00    0.0000E+00    0.0000E+00    0.0000E+00
    3.8618E+05    1.7140E+00    2.8409E-04    1.7349E-01    1.1333E-04    1.6241E-04    1.2478E-01    0.0000E+00    0.0000E+00    0.0000E+00    0.0000E+00
    4.0166E+05    1.7640E+00    2.7997E-04    1.7508E-01    1.1115E-04    1.6036E-04    1.2680E-01    0.0000E+00    0.0000E+00    0.0000E+00    0.0000E+00
    4.1747E+05    1.8021E+00    2.7603E-04    1.7671E-01    1.0898E-04    1.5826E-04    1.2890E-01    0.0000E+00    0.0000E+00    0.0000E+00    0.0000E+00
    4.3364E+05    1.8450E+00    2.7227E-04    1.7838E-01    1.0683E-04    1.5611E-04    1.3107E-01    0.0000E+00    0.0000E+00    0.0000E+00    0.0000E+00
    4.5016E+05    1.8764E+00    2.6867E-04    1.8008E-01    1.0470E-04    1.5391E-04    1.3332E-01    0.0000E+00    0.0000E+00    0.0000E+00    0.0000E+00
    4.6699E+05    1.9123E+00    2.6524E-04    1.8183E-01    1.0259E-04    1.5166E-04    1.3564E-01    0.0000E+00    0.0000E+00    0.0000E+00    0.0000E+00
    4.8412E+05    1.9448E+00    2.6196E-04    1.8363E-01    1.0050E-04    1.4937E-04    1.3805E-01    0.0000E+00    0.0000E+00    0.0000E+00    0.0000E+00
    5.0158E+05    1.9769E+00    2.5882E-04    1.8547E-01    9.8439E-05    1.4703E-04    1.4053E-01    0.0000E+00    0.0000E+00    0.0000E+00    0.0000E+00
    5.1936E+05    2.0247E+00    2.5581E-04    1.8735E-01    9.6400E-05    1.4464E-04    1.4310E-01    0.0000E+00    0.0000E+00    0.0000E+00    0.0000E+00
    5.3746E+05    2.0588E+00    2.5294E-04    1.8929E-01    9.4387E-05    1.4222E-04    1.4575E-01    0.0000E+00    0.0000E+00    0.0000E+00    0.0000E+00
    5.5586E+05    2.0917E+00    2.5019E-04    1.9128E-01    9.2403E-05    1.3975E-04    1.4849E-01    0.0000E+00    0.0000E+00    0.0000E+00    0.0000E+00
    5.7456E+05    2.1347E+00    2.4755E-04    1.9333E-01    9.0449E-05    1.3724E-04    1.5132E-01    0.0000E+00    0.0000E+00    0.0000E+00    0.0000E+00
    5.9356E+05    2.1709E+00    2.4502E-04    1.9543E-01    8.8527E-05    1.3469E-04    1.5424E-01    0.0000E+00    0.0000E+00    0.0000E+00    0.0000E+00
    6.1285E+05    2.2130E+00    2.4259E-04    1.9759E-01    8.6640E-05    1.3211E-04    1.5725E-01    0.0000E+00    0.0000E+00    0.0000E+00    0.0000E+00
    6.3243E+05    2.2560E+00    2.4025E-04    1.9981E-01    8.4789E-05    1.2948E-04    1.6036E-01    0.0000E+00    0.0000E+00    0.0000E+00    0.0000E+00
    6.5233E+05    2.3048E+00    2.3799E-04    2.0210E-01    8.2977E-05    1.2683E-04    1.6357E-01    0.0000E+00    0.0000E+00    0.0000E+00    0.0000E+00
    6.7258E+05    2.3514E+00    2.3580E-04    2.0445E-01    8.1207E-05    1.2414E-04    1.6687E-01    0.0000E+00    0.0000E+00    0.0000E+00    0.0000E+00
    6.9323E+05    2.3899E+00    2.3367E-04    2.0686E-01    7.9481E-05    1.2141E-04    1.7028E-01    0.0000E+00    0.0000E+00    0.0000E+00    0.0000E+00
    7.1430E+05    2.4311E+00    2.3160E-04    2.0935E-01    7.7802E-05    1.1866E-04    1.7379E-01    0.0000E+00    0.0000E+00    0.0000E+00    0.0000E+00
    7.3584E+05    2.4816E+00    2.2958E-04    2.1192E-01    7.6175E-05    1.1588E-04    1.7742E-01    0.0000E+00    0.0000E+00    0.0000E+00    0.0000E+00
    7.5789E+05    2.5232E+00    2.2759E-04    2.1456E-01    7.4600E-05    1.1308E-04    1.8115E-01    0.0000E+00    0.0000E+00    0.0000E+00    0.0000E+00
    7.8052E+05    2.5596E+00    2.2562E-04    2.1728E-01    7.3084E-05    1.1025E-04    1.8501E-01    0.0000E+00    0.0000E+00    0.0000E+00    0.0000E+00
    8.0376E+05    2.6064E+00    2.2368E-04    2.2008E-01    7.1628E-05    1.0740E-04    1.8898E-01    0.0000E+00    0.0000E+00    0.0000E+00    0.0000E+00
    8.2761E+05    2.6578E+00    2.2177E-04    2.2296E-01    7.0237E-05    1.0453E-04    1.9308E-01    0.0000E+00    0.0000E+00    0.0000E+00    0.0000E+00
    8.5213E+05    2.6970E+00    2.1987E-04    2.2593E-01    6.8915E-05    1.0165E-04    1.9731E-01    0.0000E+00    0.0000E+00    0.0000E+00    0.0000E+00
    8.7733E+05    2.7458E+00    2.1800E-04    2.2899E-01    6.7665E-05    9.8750E-05    2.0167E-01    0.0000E+00    0.0000E+00    0.0000E+00    0.0000E+00
    9.0325E+05    2.7937E+00    2.1614E-04    2.3215E-01    6.6492E-05    9.5842E-05    2.0617E-01    0.0000E+00    0.0000E+00    0.0000E+00    0.0000E+00
    9.2994E+05    2.8346E+00    2.1430E-04    2.3541E-01    6.5400E-05    9.2925E-05    2.1081E-01    0.0000E+00    0.0000E+00    0.0000E+00    0.0000E+00
    9.5741E+05    2.8734E+00    2.1247E-04    2.3876E-01    6.4393E-05    9.0006E-05    2.1560E-01    0.0000E+00    0.0000E+00    0.0000E+00    0.0000E+00
    9.8571E+05    2.9200E+00    2.1065E-04    2.4222E-01    6.3475E-05    8.7086E-05    2.2053E-01    0.0000E+00    0.0000E+00    0.0000E+00    0.0000E+00
    1.0149E+06    2.9728E+00    2.0884E-04    2.4578E-01    6.2651E-05    8.4172E-05    2.2562E-01    0.0000E+00    0.0000E+00    0.0000E+00    0.0000E+00
    1.0450E+06    3.0162E+00    2.0704E-04    2.4945E-01    6.1922E-05    8.1267E-05    2.3086E-01    0.0000E+00    0.0000E+00    0.0000E+00    0.0000E+00
    1.0760E+06    3.0620E+00    2.0525E-04    2.5324E-01    6.1294E-05    7.8376E-05    2.3626E-01    0.0000E+00    0.0000E+00    0.0000E+00    0.0000E+00
    1.1083E+06    3.1203E+00    2.0345E-04    2.5715E-01    6.0770E-05    7.5507E-05    2.4183E-01    0.0000E+00    0.0000E+00    0.0000E+00    0.0000E+00
    1.1417E+06   -3.1106E+00    2.0165E-04    2.6117E-01    6.0351E-05    7.2665E-05    2.4755E-01    0.0000E+00    0.0000E+00    0.0000E+00    0.0000E+00
    1.1766E+06   -3.0676E+00    1.9984E-04    2.6532E-01    6.0041E-05    6.9858E-05    2.5345E-01    0.0000E+00    0.0000E+00    0.0000E+00    0.0000E+00
    1.2129E+06   -3.0163E+00    1.9801E-04    2.6960E-01    5.9840E-05    6.7095E-05    2.5952E-01    0.0000E+00    0.0000E+00    0.0000E+00    0.0000E+00
    1.2129E+06   -3.0560E+00    1.9923E-04    2.7394E-01    5.9750E-05    6.4397E-05    2.5952E-01    0.0000E+00    0.0000E+00    0.0000E+00    0.0000E+00
    1.2129E+06   -3.0621E+00    2.0079E-04    2.7823E-01    5.9772E-05    6.1787E-05    2.5952E-01    0.0000E+00    0.0000E+00    0.0000E+00    0.0000E+00
    1.2129E+06   -3.1134E+00    2.0268E-04    2.8248E-01    5.9905E-05    5.9275E-05    2.5952E-01    0.0000E+00    0.0000E+00    0.0000E+00    0.0000E+00
    1.2129E+06    3.1177E+00    2.0490E-04    2.8668E-01    6.0013E-05    5.7007E-05    2.5952E-01    0.0000E+00    0.0000E+00    0.0000E+00    0.0000E+00
    1.2129E+06    3.0646E+00    2.0743E-04    2.9087E-01    5.9958E-05    5.5124E-05    2.5952E-01    0.0000E+00    0.0000E+00    0.0000E+00    0.0000E+00
    1.2129E+06    3.0314E+00    2.1026E-04    2.9501E-01    5.9743E-05    5.3630E-05    2.5952E-01    0.0000E+00    0.0000E+00    0.0000E+00    0.0000E+00
    1.2129E+06    2.9736E+00    2.1339E-04    2.9912E-01    5.9367E-05    5.2530E-05    2.5952E-01    0.0000E+00    0.0000E+00    0.0000E+00    0.0000E+00
    1.2129E+06    2.9241E+00    2.1679E-04    3.0316E-01    5.8971E-05    5.1710E-05    2.5952E-01    0.0000E+00    0.0000E+00    0.0000E+00    0.0000E+00
    1.2129E+06    2.8848E+00    2.2046E-04    3.0715E-01    5.8690E-05    5.1058E-05    2.5952E-01    0.0000E+00    0.0000E+00    0.0000E+00    0.0000E+00
    1.2129E+06    2.8477E+00    2.2438E-04    3.1107E-01    5.8527E-05    5.0581E-05    2.5952E-01    0.0000E+00    0.0000E+00    0.0000E+00    0.0000E+00
    1.1649E+06    2.9270E+00    2.3249E-04    3.1499E-01    5.8483E-05    5.0274E-05    2.6286E-01    0.0000E+00    0.0000E+00    0.0000E+00    0.0000E+00
    1.1435E+06    3.1056E+00    2.3814E-04    3.1897E-01    5.8557E-05    5.0133E-05    2.6626E-01    0.0000E+00    0.0000E+00    0.0000E+00    0.0000E+00
    1.1469E+06   -2.9423E+00    2.4125E-04    3.2301E-01    5.8750E-05    5.0158E-05    2.6986E-01    0.0000E+00    0.0000E+00    0.0000E+00    0.0000E+00
    1.1718E+06   -2.7684E+00    2.4220E-04    3.2711E-01    5.9060E-05    5.0350E-05    2.7375E-01    0.0000E+00    0.0000E+00    0.0000E+00    0.0000E+00
    1.2145E+06   -2.6053E+00    2.4155E-04    3.3128E-01    5.9486E-05    5.0707E-05    2.7797E-01    0.0000E+00    0.0000E+00    0.0000E+00    0.0000E+00
    1.2714E+06   -2.4960E+00    2.3990E-04    3.3552E-01    6.0024E-05    5.1223E-05    2.8254E-01    0.0000E+00    0.0000E+00    0.0000E+00    0.0000E+00
    1.3397E+06   -2.4244E+00    2.3772E-04    3.3984E-01    6.0672E-05    5.1895E-05    2.8745E-01    0.0000E+00    0.0000E+00    0.0000E+00    0.0000E+00
    1.4168E+06   -2.3681E+00    2.3539E-04    3.4424E-01    6.1427E-05    5.2715E-05    2.9267E-01    0.0000E+00    0.0000E+00    0.0000E+00    0.0000E+00
    1.5011E+06   -2.3328E+00    2.3313E-04    3.4873E-01    6.2285E-05    5.3675E-05    2.9818E-01    0.0000E+00    0.0000E+00    0.0000E+00    0.0000E+00
    1.5908E+06   -2.3040E+00    2.3113E-04    3.5331E-01    6.3241E-05    5.4766E-05    3.0395E-01    0.0000E+00    0.0000E+00    0.0000E+00    0.0000E+00
    1.6848E+06   -2.2694E+00    2.2947E-04    3.5799E-01    6.4291E-05    5.5980E-05    3.0995E-01    0.0000E+00    0.0000E+00    0.0000E+00    0.0000E+00
    1.7819E+06   -2.2438E+00    2.2820E-04    3.6276E-01    6.5430E-05    5.7307E-05    3.1614E-01    0.0000E+00    0.0000E+00    0.0000E+00    0.0000E+00
    1.8816E+06   -2.2271E+00    2.2734E-04    3.6763E-01    6.6655E-05    5.8737E-05    3.2250E-01    0.0000E+00    0.0000E+00    0.0000E+00    0.0000E+00
    1.9829E+06   -2.2030E+00    2.2688E-04    3.7260E-01    6.7959E-05    6.0261E-05    3.2899E-01    0.0000E+00    0.0000E+00    0.0000E+00    0.0000E+00
    2.0854E+06   -2.1834E+00    2.2682E-04    3.7766E-01    6.9340E-05    6.1870E-05    3.3558E-01    0.0000E+00    0.0000E+00    0.0000E+00    0.0000E+00
    2.1887E+06   -2.1646E+00    2.2713E-04    3.8282E-01    7.0792E-05    6.3556E-05    3.4225E-01    0.0000E+00    0.0000E+00    0.0000E+00    0.0000E+00
    2.2925E+06   -2.1438E+00    2.2778E-04    3.8806E-01    7.2311E-05    6.5311E-05    3.4898E-01    0.0000E+00    0.0000E+00    0.0000E+00    0.0000E+00
    2.3963E+06   -2.1180E+00    2.2875E-04    3.9339E-01    7.3892E-05    6.7125E-05    3.5573E-01    0.0000E+00    0.0000E+00    0.0000E+00    0.0000E+00
    2.4999E+06   -2.0949E+00    2.3001E-04    3.9879E-01    7.5533E-05    6.8993E-05    3.6249E-01    0.0000E+00    0.0000E+00    0.0000E+00    0.0000E+00
    2.6032E+06   -2.0687E+00    2.3153E-04    4.0427E-01    7.7229E-05    7.0908E-05    3.6924E-01    0.0000E+00    0.0000E+00    0.0000E+00    0.0000E+00
    2.7060E+06   -2.0473E+00    2.3328E-04    4.0982E-01    7.8977E-05    7.2863E-05    3.7597E-01    0.0000E+00    0.0000E+00    0.0000E+00    0.0000E+00
    2.8080E+06   -2.0241E+00    2.3525E-04    4.1543E-01    8.0773E-05    7.4853E-05    3.8264E-01    0.0000E+00    0.0000E+00    0.0000E+00    0.0000E+00
    2.9093E+06   -1.9977E+00    2.3741E-04    4.2110E-01    8.2614E-05    7.6872E-05    3.8927E-01    0.0000E+00    0.0000E+00    0.0000E+00    0.0000E+00
    3.0096E+06   -1.9732E+00    2.3974E-04    4.2681E-01    8.4498E-05    7.8915E-05    3.9582E-01    0.0000E+00    0.0000E+00    0.0000E+00    0.0000E+00
    3.1089E+06   -1.9474E+00    2.4223E-04    4.3257E-01    8.6420E-05    8.0978E-05    4.0229E-01    0.0000E+00    0.0000E+00    0.0000E+00    0.0000E+00
    3.2071E+06   -1.9212E+00    2.4486E-04    4.3835E-01    8.8380E-05    8.3056E-05    4.0867E-01    0.0000E+00    0.0000E+00    0.0000E+00    0.0000E+00
    3.3039E+06   -1.8955E+00    2.4762E-04    4.4416E-01    9.0374E-05    8.5145E-05    4.1495E-01    0.0000E+00    0.0000E+00    0.0000E+00    0.0000E+00
    3.3992E+06   -1.8718E+00    2.5050E-04    4.4999E-01    9.2401E-05    8.7243E-05    4.2112E-01    0.0000E+00    0.0000E+00    0.0000E+00    0.0000E+00
    3.4930E+06   -1.8445E+00    2.5350E-04    4.5582E-01    9.4457E-05    8.9344E-05    4.2717E-01    0.0000E+00    0.0000E+00    0.0000E+00    0.0000E+00
    3.5850E+06   -1.8196E+00    2.5660E-04    4.6165E-01    9.6542E-05    9.1447E-05    4.3310E-01    0.0000E+00    0.0000E+00    0.0000E+00    0.0000E+00
    3.6753E+06   -1.7968E+00    2.5980E-04    4.6747E-01    9.8653E-05    9.3549E-05    4.3889E-01    0.0000E+00    0.0000E+00    0.0000E+00    0.0000E+00
    3.7636E+06   -1.7671E+00    2.6310E-04    4.7327E-01    1.0079E-04    9.5645E-05    4.4455E-01    0.0000E+00    0.0000E+00    0.0000E+00    0.0000E+00
    3.8500E+06   -1.7379E+00    2.6648E-04    4.7905E-01    1.0295E-04    9.7735E-05    4.5006E-01    0.0000E+00    0.0000E+00    0.0000E+00    0.0000E+00
    3.9343E+06   -1.7124E+00    2.6995E-04    4.8478E-01    1.0513E-04    9.9816E-05    4.5542E-01    0.0000E+00    0.0000E+00    0.0000E+00    0.0000E+00
    4.0165E+06   -1.6836E+00    2.7349E-04    4.9047E-01    1.0733E-04    1.0188E-04    4.6063E-01    0.0000E+00    0.0000E+00    0.0000E+00    0.0000E+00
    4.0965E+06   -1.6534E+00    2.7711E-04    4.9610E-01    1.0955E-04    1.0394E-04    4.6569E-01    0.0000E+00    0.0000E+00    0.0000E+00    0.0000E+00
    4.1743E+06   -1.6224E+00    2.8080E-04    5.0166E-01    1.1179E-04    1.0598E-04    4.7058E-01    0.0000E+00    0.0000E+00    0.0000E+00    0.0000E+00
    4.2498E+06   -1.5935E+00    2.8455E-04    5.0715E-01    1.1405E-04    1.0800E-04    4.7532E-01    0.0000E+00    0.0000E+00    0.0000E+00    0.0000E+00
    4.3230E+06   -1.5625E+00    2.8837E-04    5.1256E-01    1.1632E-04    1.1000E-04    4.7990E-01    0.0000E+00    0.0000E+00    0.0000E+00    0.0000E+00
    4.3938E+06   -1.5312E+00    2.9224E-04    5.1787E-01    1.1861E-04    1.1198E-04    4.8431E-01    0.0000E+00    0.0000E+00    0.0000E+00    0.0000E+00
    4.4622E+06   -1.4985E+00    2.9617E-04    5.2308E-01    1.2091E-04    1.1394E-04    4.8856E-01    0.0000E+00    0.0000E+00    0.0000E+00    0.0000E+00
    4.5281E+06   -1.4659E+00    3.0014E-04    5.2818E-01    1.2322E-04    1.1588E-04    4.9265E-01    0.0000E+00    0.0000E+00    0.0000E+00    0.0000E+00
    4.5917E+06   -1.4322E+00    3.0416E-04    5.3317E-01    1.2555E-04    1.1778E-04    4.9657E-01    0.0000E+00    0.0000E+00    0.0000E+00    0.0000E+00
    4.6527E+06   -1.4008E+00    3.0822E-04    5.3802E-01    1.2789E-04    1.1966E-04    5.0033E-01    0.0000E+00    0.0000E+00    0.0000E+00    0.0000E+00
    4.7112E+06   -1.3696E+00    3.1233E-04    5.4274E-01    1.3024E-04    1.2152E-04    5.0393E-01    0.0000E+00    0.0000E+00    0.0000E+00    0.0000E+00
    4.7671E+06   -1.3377E+00    3.1648E-04    5.4731E-01    1.3260E-04    1.2334E-04    5.0735E-01    0.0000E+00    0.0000E+00    0.0000E+00    0.0000E+00
    4.8204E+06   -1.3071E+00    3.2068E-04    5.5174E-01    1.3497E-04    1.2513E-04    5.1062E-01    0.0000E+00    0.0000E+00    0.0000E+00    0.0000E+00
    4.8710E+06   -1.2759E+00    3.2492E-04    5.5601E-01    1.3735E-04    1.2689E-04    5.1372E-01    0.0000E+00    0.0000E+00    0.0000E+00    0.0000E+00
    4.9191E+06   -1.2407E+00    3.2920E-04    5.6011E-01    1.3975E-04    1.2862E-04    5.1666E-01    0.0000E+00    0.0000E+00    0.0000E+00    0.0000E+00
    4.9645E+06   -1.2055E+00    3.3353E-04    5.6404E-01    1.4215E-04    1.3031E-04    5.1944E-01    0.0000E+00    0.0000E+00    0.0000E+00    0.0000E+00
    5.0071E+06   -1.1671E+00    3.3789E-04    5.6779E-01    1.4455E-04    1.3197E-04    5.2205E-01    0.0000E+00    0.0000E+00    0.0000E+00    0.0000E+00
    5.0470E+06   -1.1297E+00    3.4230E-04    5.7136E-01    1.4697E-04    1.3359E-04    5.2451E-01    0.0000E+00    0.0000E+00    0.0000E+00    0.0000E+00
    5.0841E+06   -1.0938E+00    3.4673E-04    5.7474E-01    1.4939E-04    1.3517E-04    5.2681E-01    0.0000E+00    0.0000E+00    0.0000E+00    0.0000E+00
    5.1183E+06   -1.0581E+00    3.5119E-04    5.7793E-01    1.5182E-04    1.3672E-04    5.2896E-01    0.0000E+00    0.0000E+00    0.0000E+00    0.0000E+00
    5.1496E+06   -1.0249E+00    3.5567E-04    5.8092E-01    1.5426E-04    1.3823E-04    5.3095E-01    0.0000E+00    0.0000E+00    0.0000E+00    0.0000E+00
    5.1781E+06   -9.8915E-01    3.6017E-04    5.8370E-01    1.5670E-04    1.3969E-04    5.3279E-01    0.0000E+00    0.0000E+00    0.0000E+00    0.0000E+00
    5.2036E+06   -9.5224E-01    3.6466E-04    5.8628E-01    1.5915E-04    1.4112E-04    5.3448E-01    0.0000E+00    0.0000E+00    0.0000E+00    0.0000E+00
    5.2261E+06   -9.1867E-01    3.6916E-04    5.8864E-01    1.6161E-04    1.4250E-04    5.3602E-01    0.0000E+00    0.0000E+00    0.0000E+00    0.0000E+00
    5.2456E+06   -8.8536E-01    3.7364E-04    5.9080E-01    1.6407E-04    1.4385E-04    5.3742E-01    0.0000E+00    0.0000E+00    0.0000E+00    0.0000E+00
    5.2622E+06   -8.4927E-01    3.7812E-04    5.9273E-01    1.6654E-04    1.4515E-04    5.3867E-01    0.0000E+00    0.0000E+00    0.0000E+00    0.0000E+00
    5.2622E+06   -8.7175E-01    3.8310E-04    5.9506E-01    1.6901E-04    1.4643E-04    5.3867E-01    0.0000E+00    0.0000E+00    0.0000E+00    0.0000E+00
    5.2622E+06   -9.0608E-01    3.8804E-04    5.9709E-01    1.7148E-04    1.4772E-04    5.3867E-01    0.0000E+00    0.0000E+00    0.0000E+00    0.0000E+00
    5.2622E+06   -9.3186E-01    3.9293E-04    5.9882E-01    1.7397E-04    1.4902E-04    5.3867E-01    0.0000E+00    0.0000E+00    0.0000E+00    0.0000E+00
    5.2622E+06   -9.6430E-01    3.9776E-04    6.0029E-01    1.7635E-04    1.5041E-04    5.3867E-01    0.0000E+00    0.0000E+00    0.0000E+00    0.0000E+00
    5.2622E+06   -9.8836E-01    4.0254E-04    6.0154E-01    1.7854E-04    1.5197E-04    5.3867E-01    0.0000E+00    0.0000E+00    0.0000E+00    0.0000E+00
    5.2622E+06   -1.0104E+00    4.0725E-04    6.0256E-01    1.8054E-04    1.5372E-04    5.3867E-01    0.0000E+00    0.0000E+00    0.0000E+00    0.0000E+00
    5.2622E+06   -1.0300E+00    4.1190E-04    6.0335E-01    1.8233E-04    1.5565E-04    5.3867E-01    0.0000E+00    0.0000E+00    0.0000E+00    0.0000E+00
    5.2622E+06   -1.0559E+00    4.1648E-04    6.0386E-01    1.8402E-04    1.5767E-04    5.3867E-01    0.0000E+00    0.0000E+00    0.0000E+00    0.0000E+00
    5.2622E+06   -1.0766E+00    4.2100E-04    6.0408E-01    1.8572E-04    1.5969E-04    5.3867E-01    0.0000E+00    0.0000E+00    0.0000E+00    0.0000E+00
    5.2622E+06   -1.1027E+00    4.2546E-04    6.0400E-01    1.8742E-04    1.6173E-04    5.3867E-01    0.0000E+00    0.0000E+00    0.0000E+00    0.0000E+00
    5.2239E+06   -1.0711E+00    4.3133E-04    6.0282E-01    1.8912E-04    1.6374E-04    5.3788E-01    0.0000E+00    0.0000E+00    0.0000E+00    0.0000E+00
    5.1841E+06   -1.0311E+00    4.3718E-04    6.0143E-01    1.9083E-04    1.6569E-04    5.3702E-01    0.0000E+00    0.0000E+00    0.0000E+00    0.0000E+00
    5.1426E+06   -9.8346E-01    4.4300E-04    5.9981E-01    1.9254E-04    1.6760E-04    5.3610E-01    0.0000E+00    0.0000E+00    0.0000E+00    0.0000E+00
    5.0999E+06   -9.4124E-01    4.4879E-04    5.9799E-01    1.9426E-04    1.6945E-04    5.3512E-01    0.0000E+00    0.0000E+00    0.0000E+00    0.0000E+00
    5.0558E+06   -8.9182E-01    4.5455E-04    5.9595E-01    1.9597E-04    1.7124E-04    5.3409E-01    0.0000E+00    0.0000E+00    0.0000E+00    0.0000E+00
    5.0106E+06   -8.5239E-01    4.6027E-04    5.9370E-01    1.9769E-04    1.7298E-04    5.3301E-01    0.0000E+00    0.0000E+00    0.0000E+00    0.0000E+00
    4.9644E+06   -8.0770E-01    4.6596E-04    5.9125E-01    1.9942E-04    1.7466E-04    5.3189E-01    0.0000E+00    0.0000E+00    0.0000E+00    0.0000E+00
    4.9172E+06   -7.5780E-01    4.7160E-04    5.8861E-01    2.0115E-04    1.7629E-04    5.3074E-01    0.0000E+00    0.0000E+00    0.0000E+00    0.0000E+00
    4.8690E+06   -7.1262E-01    4.7721E-04    5.8578E-01    2.0287E-04    1.7786E-04    5.2955E-01    0.0000E+00    0.0000E+00    0.0000E+00    0.0000E+00
    4.8200E+06   -6.5742E-01    4.8278E-04    5.8276E-01    2.0461E-04    1.7937E-04    5.2833E-01    0.0000E+00    0.0000E+00    0.0000E+00    0.0000E+00
    4.7701E+06   -5.9596E-01    4.8830E-04    5.7957E-01    2.0634E-04    1.8082E-04    5.2709E-01    0.0000E+00    0.0000E+00    0.0000E+00    0.0000E+00
    4.7193E+06   -5.4812E-01    4.9379E-04    5.7620E-01    2.0808E-04    1.8221E-04    5.2582E-01    0.0000E+00    0.0000E+00    0.0000E+00    0.0000E+00
    4.6677E+06   -4.9803E-01    4.9925E-04    5.7266E-01    2.0982E-04    1.8355E-04    5.2452E-01    0.0000E+00    0.0000E+00    0.0000E+00    0.0000E+00
    4.6154E+06   -4.3865E-01    5.0467E-04    5.6896E-01    2.1157E-04    1.8482E-04    5.2321E-01    0.0000E+00    0.0000E+00    0.0000E+00    0.0000E+00
    4.5624E+06   -3.8639E-01    5.1007E-04    5.6511E-01    2.1331E-04    1.8603E-04    5.2188E-01    0.0000E+00    0.0000E+00    0.0000E+00    0.0000E+00
    4.5085E+06   -3.4520E-01    5.1545E-04    5.6110E-01    2.1506E-04    1.8718E-04    5.2053E-01    0.0000E+00    0.0000E+00    0.0000E+00    0.0000E+00
    4.4541E+06   -2.9885E-01    5.2079E-04    5.5695E-01    2.1681E-04    1.8826E-04    5.1916E-01    0.0000E+00    0.0000E+00    0.0000E+00    0.0000E+00
    4.3989E+06   -2.5776E-01    5.2612E-04    5.5266E-01    2.1856E-04    1.8929E-04    5.1778E-01    0.0000E+00    0.0000E+00    0.0000E+00    0.0000E+00
    4.3431E+06   -2.0282E-01    5.3143E-04    5.4824E-01    2.2032E-04    1.9025E-04    5.1638E-01    0.0000E+00    0.0000E+00    0.0000E+00    0.0000E+00
    4.2866E+06   -1.4133E-01    5.3673E-04    5.4369E-01    2.2208E-04    1.9114E-04    5.1497E-01    0.0000E+00    0.0000E+00    0.0000E+00    0.0000E+00
    4.2295E+06   -8.1827E-02    5.4203E-04    5.3901E-01    2.2384E-04    1.9198E-04    5.1354E-01    0.0000E+00    0.0000E+00    0.0000E+00    0.0000E+00
    4.1718E+06   -3.3107E-02    5.4733E-04    5.3422E-01    2.2560E-04    1.9275E-04    5.1210E-01    0.0000E+00    0.0000E+00    0.0000E+00    0.0000E+00
    4.1136E+06    1.9053E-02    5.5264E-04    5.2932E-01    2.2736E-04    1.9345E-04    5.1065E-01    0.0000E+00    0.0000E+00    0.0000E+00    0.0000E+00
    4.0550E+06    6.2107E-02    5.5795E-04    5.2431E-01    2.2913E-04    1.9409E-04    5.0919E-01    0.0000E+00    0.0000E+00    0.0000E+00    0.0000E+00
    3.9959E+06    9.5589E-02    5.6328E-04    5.1921E-01    2.3089E-04    1.9467E-04    5.0771E-01    0.0000E+00    0.0000E+00    0.0000E+00    0.0000E+00
    3.9365E+06    1.4122E-01    5.6862E-04    5.1401E-01    2.3266E-04    1.9518E-04    5.0623E-01    0.0000E+00    0.0000E+00    0.0000E+00    0.0000E+00
    3.8767E+06    1.8774E-01    5.7399E-04    5.0871E-01    2.3444E-04    1.9562E-04    5.0474E-01    0.0000E+00    0.0000E+00    0.0000E+00    0.0000E+00
    3.8166E+06    2.2283E-01    5.7940E-04    5.0334E-01    2.3621E-04    1.9600E-04    5.0324E-01    0.0000E+00    0.0000E+00    0.0000E+00    0.0000E+00
    3.7562E+06    2.5769E-01    5.8485E-04    4.9789E-01    2.3799E-04    1.9631E-04    5.0174E-01    0.0000E+00    0.0000E+00    0.0000E+00    0.0000E+00
    3.6957E+06    3.0059E-01    5.9034E-04    4.9236E-01    2.3976E-04    1.9656E-04    5.0024E-01    0.0000E+00    0.0000E+00    0.0000E+00    0.0000E+00
    3.6350E+06    3.3734E-01    5.9588E-04    4.8676E-01    2.4154E-04    1.9674E-04    4.9874E-01    0.0000E+00    0.0000E+00    0.0000E+00    0.0000E+00
    3.5742E+06    3.6680E-01    6.0148E-04    4.8110E-01    2.4332E-04    1.9686E-04    4.9723E-01    0.0000E+00    0.0000E+00    0.0000E+00    0.0000E+00
    3.5134E+06    4.0182E-01    6.0714E-04    4.7538E-01    2.4510E-04    1.9691E-04    4.9573E-01    0.0000E+00    0.0000E+00    0.0000E+00    0.0000E+00
    3.4527E+06    4.4763E-01    6.1286E-04    4.6961E-01    2.4689E-04    1.9689E-04    4.9423E-01    0.0000E+00    0.0000E+00    0.0000E+00    0.0000E+00
    3.3921E+06    4.7548E-01    6.1865E-04    4.6379E-01    2.4867E-04    1.9681E-04    4.9274E-01    0.0000E+00    0.0000E+00    0.0000E+00    0.0000E+00
    3.3316E+06    4.9179E-01    6.2450E-04    4.5792E-01    2.5046E-04    1.9666E-04    4.9125E-01    0.0000E+00    0.0000E+00    0.0000E+00    0.0000E+00
    3.2716E+06    5.3976E-01    6.3041E-04    4.5201E-01    2.5225E-04    1.9644E-04    4.8977E-01    0.0000E+00    0.0000E+00    0.0000E+00    0.0000E+00
    3.2119E+06    6.0118E-01    6.3639E-04    4.4607E-01    2.5404E-04    1.9616E-04    4.8830E-01    0.0000E+00    0.0000E+00    0.0000E+00    0.0000E+00
    3.1526E+06    6.4184E-01    6.4243E-04    4.4009E-01    2.5583E-04    1.9582E-04    4.8684E-01    0.0000E+00    0.0000E+00    0.0000E+00    0.0000E+00
    3.0938E+06    6.6034E-01    6.4854E-04    4.3409E-01    2.5762E-04    1.9540E-04    4.8539E-01    0.0000E+00    0.0000E+00    0.0000E+00    0.0000E+00
    3.0354E+06    6.9713E-01    6.5472E-04    4.2807E-01    2.5942E-04    1.9493E-04    4.8396E-01    0.0000E+00    0.0000E+00    0.0000E+00    0.0000E+00
    2.9774E+06    7.3615E-01    6.6097E-04    4.2203E-01    2.6121E-04    1.9438E-04    4.8255E-01    0.0000E+00    0.0000E+00    0.0000E+00    0.0000E+00
    2.9200E+06    7.6080E-01    6.6732E-04    4.1597E-01    2.6301E-04    1.9378E-04    4.8116E-01    0.0000E+00    0.0000E+00    0.0000E+00    0.0000E+00
    2.8630E+06    8.0949E-01    6.7375E-04    4.0991E-01    2.6481E-04    1.9310E-04    4.7980E-01    0.0000E+00    0.0000E+00    0.0000E+00    0.0000E+00
    2.8066E+06    8.7728E-01    6.8026E-04    4.0384E-01    2.6661E-04    1.9237E-04    4.7846E-01    0.0000E+00    0.0000E+00    0.0000E+00    0.0000E+00
    2.7508E+06    9.3934E-01    6.8688E-04    3.9776E-01    2.6841E-04    1.9156E-04    4.7715E-01    0.0000E+00    0.0000E+00    0.0000E+00    0.0000E+00
    2.6956E+06    9.9511E-01    6.9359E-04    3.9169E-01    2.7021E-04    1.9070E-04    4.7587E-01    0.0000E+00    0.0000E+00    0.0000E+00    0.0000E+00
    2.6410E+06    1.0560E+00    7.0040E-04    3.8562E-01    2.7201E-04    1.8977E-04    4.7461E-01    0.0000E+00    0.0000E+00    0.0000E+00    0.0000E+00
    2.5872E+06    1.1003E+00    7.0730E-04    3.7956E-01    2.7381E-04    1.8878E-04    4.7339E-01    0.0000E+00    0.0000E+00    0.0000E+00    0.0000E+00
    2.5341E+06    1.1522E+00    7.1431E-04    3.7352E-01    2.7562E-04    1.8772E-04    4.7219E-01    0.0000E+00    0.0000E+00    0.0000E+00    0.0000E+00
    2.4820E+06    1.1912E+00    7.2141E-04    3.6749E-01    2.7743E-04    1.8661E-04    4.7101E-01    0.0000E+00    0.0000E+00    0.0000E+00    0.0000E+00
    2.4307E+06    1.2372E+00    7.2860E-04    3.6148E-01    2.7923E-04    1.8543E-04    4.6986E-01    0.0000E+00    0.0000E+00    0.0000E+00    0.0000E+00
    2.3803E+06    1.2693E+00    7.3588E-04    3.5549E-01    2.8104E-04    1.8419E-04    4.6874E-01    0.0000E+00    0.0000E+00    0.0000E+00    0.0000E+00
    2.3309E+06    1.2962E+00    7.4325E-04    3.4952E-01    2.8285E-04    1.8288E-04    4.6764E-01    0.0000E+00    0.0000E+00    0.0000E+00    0.0000E+00
    2.2826E+06    1.3227E+00    7.5070E-04    3.4359E-01    2.8466E-04    1.8152E-04    4.6657E-01    0.0000E+00    0.0000E+00    0.0000E+00    0.0000E+00
    2.2352E+06    1.3405E+00    7.5823E-04    3.3768E-01    2.8648E-04    1.8010E-04    4.6553E-01    0.0000E+00    0.0000E+00    0.0000E+00    0.0000E+00
    2.1890E+06    1.3621E+00    7.6583E-04    3.3181E-01    2.8829E-04    1.7862E-04    4.6453E-01    0.0000E+00    0.0000E+00    0.0000E+00    0.0000E+00
    2.1438E+06    1.3955E+00    7.7349E-04    3.2598E-01    2.9010E-04    1.7708E-04    4.6357E-01    0.0000E+00    0.0000E+00    0.0000E+00    0.0000E+00
    2.0997E+06    1.4442E+00    7.8121E-04    3.2019E-01    2.9192E-04    1.7548E-04    4.6264E-01    0.0000E+00    0.0000E+00    0.0000E+00    0.0000E+00
    2.0568E+06    1.5128E+00    7.8897E-04    3.1444E-01    2.9373E-04    1.7383E-04    4.6175E-01    0.0000E+00    0.0000E+00    0.0000E+00    0.0000E+00
